{"C:\\Users\\Blake\\OneDrive\\Documents\\sitemanager\\ComplianceApp\\src\\services\\accidentService.ts": {"path":"C:\\Users\\Blake\\OneDrive\\Documents\\sitemanager\\ComplianceApp\\src\\services\\accidentService.ts","statementMap":{"0":{"start":{"line":5,"column":31},"end":{"line":33,"column":1}},"1":{"start":{"line":7,"column":18},"end":{"line":7,"column":39}},"2":{"start":{"line":9,"column":4},"end":{"line":12,"column":5}},"3":{"start":{"line":10,"column":6},"end":{"line":10,"column":51}},"4":{"start":{"line":11,"column":6},"end":{"line":11,"column":31}},"5":{"start":{"line":14,"column":22},"end":{"line":16,"column":21}},"6":{"start":{"line":17,"column":4},"end":{"line":17,"column":27}},"7":{"start":{"line":17,"column":15},"end":{"line":17,"column":27}},"8":{"start":{"line":18,"column":4},"end":{"line":18,"column":16}},"9":{"start":{"line":22,"column":28},"end":{"line":28,"column":47}},"10":{"start":{"line":30,"column":4},"end":{"line":30,"column":27}},"11":{"start":{"line":30,"column":15},"end":{"line":30,"column":27}},"12":{"start":{"line":31,"column":4},"end":{"line":31,"column":16}}},"fnMap":{"0":{"name":"(anonymous_0)","decl":{"start":{"line":6,"column":2},"end":{"line":6,"column":3}},"loc":{"start":{"line":6,"column":31},"end":{"line":19,"column":3}},"line":6},"1":{"name":"(anonymous_1)","decl":{"start":{"line":21,"column":2},"end":{"line":21,"column":3}},"loc":{"start":{"line":21,"column":23},"end":{"line":32,"column":3}},"line":21}},"branchMap":{"0":{"loc":{"start":{"line":9,"column":4},"end":{"line":12,"column":5}},"type":"if","locations":[{"start":{"line":9,"column":4},"end":{"line":12,"column":5}},{"start":{},"end":{}}],"line":9},"1":{"loc":{"start":{"line":17,"column":4},"end":{"line":17,"column":27}},"type":"if","locations":[{"start":{"line":17,"column":4},"end":{"line":17,"column":27}},{"start":{},"end":{}}],"line":17},"2":{"loc":{"start":{"line":30,"column":4},"end":{"line":30,"column":27}},"type":"if","locations":[{"start":{"line":30,"column":4},"end":{"line":30,"column":27}},{"start":{},"end":{}}],"line":30}},"s":{"0":1,"1":3,"2":3,"3":1,"4":1,"5":2,"6":2,"7":1,"8":1,"9":1,"10":1,"11":0,"12":1},"f":{"0":3,"1":1},"b":{"0":[1,2],"1":[1,1],"2":[0,1]},"_coverageSchema":"1a1c01bbd47fc00a2c39e90264f33305004495a9","hash":"1f3c4276d3fbae0a1903e1a17acd1bd7510148f1"}
,"C:\\Users\\Blake\\OneDrive\\Documents\\sitemanager\\ComplianceApp\\src\\services\\assetService.ts": {"path":"C:\\Users\\Blake\\OneDrive\\Documents\\sitemanager\\ComplianceApp\\src\\services\\assetService.ts","statementMap":{"0":{"start":{"line":16,"column":28},"end":{"line":98,"column":1}},"1":{"start":{"line":18,"column":25},"end":{"line":22,"column":5}},"2":{"start":{"line":24,"column":18},"end":{"line":24,"column":39}},"3":{"start":{"line":25,"column":4},"end":{"line":28,"column":5}},"4":{"start":{"line":26,"column":6},"end":{"line":26,"column":56}},"5":{"start":{"line":27,"column":6},"end":{"line":27,"column":31}},"6":{"start":{"line":30,"column":28},"end":{"line":34,"column":15}},"7":{"start":{"line":36,"column":4},"end":{"line":36,"column":27}},"8":{"start":{"line":36,"column":15},"end":{"line":36,"column":27}},"9":{"start":{"line":37,"column":4},"end":{"line":37,"column":16}},"10":{"start":{"line":41,"column":18},"end":{"line":41,"column":39}},"11":{"start":{"line":42,"column":4},"end":{"line":45,"column":5}},"12":{"start":{"line":43,"column":6},"end":{"line":43,"column":68}},"13":{"start":{"line":44,"column":6},"end":{"line":44,"column":31}},"14":{"start":{"line":47,"column":28},"end":{"line":52,"column":15}},"15":{"start":{"line":54,"column":4},"end":{"line":54,"column":27}},"16":{"start":{"line":54,"column":15},"end":{"line":54,"column":27}},"17":{"start":{"line":55,"column":4},"end":{"line":55,"column":16}},"18":{"start":{"line":59,"column":18},"end":{"line":59,"column":39}},"19":{"start":{"line":60,"column":4},"end":{"line":63,"column":5}},"20":{"start":{"line":61,"column":6},"end":{"line":61,"column":60}},"21":{"start":{"line":62,"column":6},"end":{"line":62,"column":31}},"22":{"start":{"line":65,"column":22},"end":{"line":68,"column":19}},"23":{"start":{"line":70,"column":4},"end":{"line":70,"column":27}},"24":{"start":{"line":70,"column":15},"end":{"line":70,"column":27}},"25":{"start":{"line":71,"column":4},"end":{"line":71,"column":16}},"26":{"start":{"line":75,"column":25},"end":{"line":83,"column":5}},"27":{"start":{"line":85,"column":18},"end":{"line":85,"column":39}},"28":{"start":{"line":86,"column":4},"end":{"line":89,"column":5}},"29":{"start":{"line":87,"column":6},"end":{"line":87,"column":56}},"30":{"start":{"line":88,"column":6},"end":{"line":88,"column":31}},"31":{"start":{"line":91,"column":22},"end":{"line":93,"column":29}},"32":{"start":{"line":95,"column":4},"end":{"line":95,"column":27}},"33":{"start":{"line":95,"column":15},"end":{"line":95,"column":27}},"34":{"start":{"line":96,"column":4},"end":{"line":96,"column":16}}},"fnMap":{"0":{"name":"(anonymous_0)","decl":{"start":{"line":17,"column":2},"end":{"line":17,"column":3}},"loc":{"start":{"line":17,"column":34},"end":{"line":38,"column":3}},"line":17},"1":{"name":"(anonymous_1)","decl":{"start":{"line":40,"column":2},"end":{"line":40,"column":3}},"loc":{"start":{"line":40,"column":46},"end":{"line":56,"column":3}},"line":40},"2":{"name":"(anonymous_2)","decl":{"start":{"line":58,"column":2},"end":{"line":58,"column":3}},"loc":{"start":{"line":58,"column":32},"end":{"line":72,"column":3}},"line":58},"3":{"name":"(anonymous_3)","decl":{"start":{"line":74,"column":2},"end":{"line":74,"column":3}},"loc":{"start":{"line":74,"column":34},"end":{"line":97,"column":3}},"line":74}},"branchMap":{"0":{"loc":{"start":{"line":25,"column":4},"end":{"line":28,"column":5}},"type":"if","locations":[{"start":{"line":25,"column":4},"end":{"line":28,"column":5}},{"start":{},"end":{}}],"line":25},"1":{"loc":{"start":{"line":36,"column":4},"end":{"line":36,"column":27}},"type":"if","locations":[{"start":{"line":36,"column":4},"end":{"line":36,"column":27}},{"start":{},"end":{}}],"line":36},"2":{"loc":{"start":{"line":42,"column":4},"end":{"line":45,"column":5}},"type":"if","locations":[{"start":{"line":42,"column":4},"end":{"line":45,"column":5}},{"start":{},"end":{}}],"line":42},"3":{"loc":{"start":{"line":54,"column":4},"end":{"line":54,"column":27}},"type":"if","locations":[{"start":{"line":54,"column":4},"end":{"line":54,"column":27}},{"start":{},"end":{}}],"line":54},"4":{"loc":{"start":{"line":60,"column":4},"end":{"line":63,"column":5}},"type":"if","locations":[{"start":{"line":60,"column":4},"end":{"line":63,"column":5}},{"start":{},"end":{}}],"line":60},"5":{"loc":{"start":{"line":70,"column":4},"end":{"line":70,"column":27}},"type":"if","locations":[{"start":{"line":70,"column":4},"end":{"line":70,"column":27}},{"start":{},"end":{}}],"line":70},"6":{"loc":{"start":{"line":86,"column":4},"end":{"line":89,"column":5}},"type":"if","locations":[{"start":{"line":86,"column":4},"end":{"line":89,"column":5}},{"start":{},"end":{}}],"line":86},"7":{"loc":{"start":{"line":95,"column":4},"end":{"line":95,"column":27}},"type":"if","locations":[{"start":{"line":95,"column":4},"end":{"line":95,"column":27}},{"start":{},"end":{}}],"line":95}},"s":{"0":1,"1":1,"2":1,"3":1,"4":0,"5":0,"6":1,"7":1,"8":0,"9":1,"10":1,"11":1,"12":0,"13":0,"14":1,"15":1,"16":0,"17":1,"18":2,"19":2,"20":1,"21":1,"22":1,"23":1,"24":0,"25":1,"26":0,"27":0,"28":0,"29":0,"30":0,"31":0,"32":0,"33":0,"34":0},"f":{"0":1,"1":1,"2":2,"3":0},"b":{"0":[0,1],"1":[0,1],"2":[0,1],"3":[0,1],"4":[1,1],"5":[0,1],"6":[0,0],"7":[0,0]},"_coverageSchema":"1a1c01bbd47fc00a2c39e90264f33305004495a9","hash":"ff082bbf2e52dcbe4a30115d37ac4ff1b4b95e5f"}
,"C:\\Users\\Blake\\OneDrive\\Documents\\sitemanager\\ComplianceApp\\src\\services\\auditService.ts": {"path":"C:\\Users\\Blake\\OneDrive\\Documents\\sitemanager\\ComplianceApp\\src\\services\\auditService.ts","statementMap":{"0":{"start":{"line":11,"column":28},"end":{"line":96,"column":1}},"1":{"start":{"line":13,"column":49},"end":{"line":16,"column":48}},"2":{"start":{"line":18,"column":46},"end":{"line":21,"column":53}},"3":{"start":{"line":23,"column":4},"end":{"line":23,"column":33}},"4":{"start":{"line":23,"column":18},"end":{"line":23,"column":33}},"5":{"start":{"line":24,"column":4},"end":{"line":24,"column":33}},"6":{"start":{"line":24,"column":18},"end":{"line":24,"column":33}},"7":{"start":{"line":26,"column":4},"end":{"line":26,"column":64}},"8":{"start":{"line":30,"column":19},"end":{"line":30,"column":103}},"9":{"start":{"line":31,"column":43},"end":{"line":31,"column":45}},"10":{"start":{"line":33,"column":4},"end":{"line":36,"column":7}},"11":{"start":{"line":34,"column":20},"end":{"line":34,"column":64}},"12":{"start":{"line":35,"column":6},"end":{"line":35,"column":47}},"13":{"start":{"line":38,"column":4},"end":{"line":41,"column":6}},"14":{"start":{"line":45,"column":45},"end":{"line":45,"column":103}},"15":{"start":{"line":46,"column":4},"end":{"line":53,"column":7}},"16":{"start":{"line":47,"column":19},"end":{"line":47,"column":66}},"17":{"start":{"line":48,"column":6},"end":{"line":52,"column":29}},"18":{"start":{"line":48,"column":33},"end":{"line":48,"column":50}},"19":{"start":{"line":49,"column":11},"end":{"line":52,"column":29}},"20":{"start":{"line":49,"column":39},"end":{"line":49,"column":57}},"21":{"start":{"line":50,"column":11},"end":{"line":52,"column":29}},"22":{"start":{"line":50,"column":38},"end":{"line":50,"column":55}},"23":{"start":{"line":51,"column":11},"end":{"line":52,"column":29}},"24":{"start":{"line":51,"column":37},"end":{"line":51,"column":53}},"25":{"start":{"line":52,"column":11},"end":{"line":52,"column":29}},"26":{"start":{"line":54,"column":4},"end":{"line":54,"column":18}},"27":{"start":{"line":58,"column":23},"end":{"line":62,"column":5}},"28":{"start":{"line":59,"column":6},"end":{"line":59,"column":36}},"29":{"start":{"line":59,"column":23},"end":{"line":59,"column":36}},"30":{"start":{"line":60,"column":19},"end":{"line":60,"column":39}},"31":{"start":{"line":61,"column":6},"end":{"line":61,"column":46}},"32":{"start":{"line":64,"column":17},"end":{"line":87,"column":5}},"33":{"start":{"line":76,"column":31},"end":{"line":83,"column":13}},"34":{"start":{"line":89,"column":4},"end":{"line":94,"column":5}},"35":{"start":{"line":90,"column":22},"end":{"line":90,"column":60}},"36":{"start":{"line":91,"column":6},"end":{"line":91,"column":82}},"37":{"start":{"line":93,"column":6},"end":{"line":93,"column":61}}},"fnMap":{"0":{"name":"(anonymous_0)","decl":{"start":{"line":12,"column":2},"end":{"line":12,"column":3}},"loc":{"start":{"line":12,"column":23},"end":{"line":27,"column":3}},"line":12},"1":{"name":"(anonymous_1)","decl":{"start":{"line":29,"column":2},"end":{"line":29,"column":3}},"loc":{"start":{"line":29,"column":31},"end":{"line":42,"column":3}},"line":29},"2":{"name":"(anonymous_2)","decl":{"start":{"line":33,"column":17},"end":{"line":33,"column":18}},"loc":{"start":{"line":33,"column":25},"end":{"line":36,"column":5}},"line":33},"3":{"name":"(anonymous_3)","decl":{"start":{"line":44,"column":2},"end":{"line":44,"column":3}},"loc":{"start":{"line":44,"column":41},"end":{"line":55,"column":3}},"line":44},"4":{"name":"(anonymous_4)","decl":{"start":{"line":46,"column":22},"end":{"line":46,"column":23}},"loc":{"start":{"line":46,"column":30},"end":{"line":53,"column":5}},"line":46},"5":{"name":"(anonymous_5)","decl":{"start":{"line":57,"column":2},"end":{"line":57,"column":3}},"loc":{"start":{"line":57,"column":71},"end":{"line":95,"column":3}},"line":57},"6":{"name":"(anonymous_6)","decl":{"start":{"line":58,"column":23},"end":{"line":58,"column":24}},"loc":{"start":{"line":58,"column":54},"end":{"line":62,"column":5}},"line":58},"7":{"name":"(anonymous_7)","decl":{"start":{"line":76,"column":23},"end":{"line":76,"column":24}},"loc":{"start":{"line":76,"column":31},"end":{"line":83,"column":13}},"line":76}},"branchMap":{"0":{"loc":{"start":{"line":23,"column":4},"end":{"line":23,"column":33}},"type":"if","locations":[{"start":{"line":23,"column":4},"end":{"line":23,"column":33}},{"start":{},"end":{}}],"line":23},"1":{"loc":{"start":{"line":24,"column":4},"end":{"line":24,"column":33}},"type":"if","locations":[{"start":{"line":24,"column":4},"end":{"line":24,"column":33}},{"start":{},"end":{}}],"line":24},"2":{"loc":{"start":{"line":26,"column":24},"end":{"line":26,"column":39}},"type":"binary-expr","locations":[{"start":{"line":26,"column":24},"end":{"line":26,"column":33}},{"start":{"line":26,"column":37},"end":{"line":26,"column":39}}],"line":26},"3":{"loc":{"start":{"line":26,"column":49},"end":{"line":26,"column":61}},"type":"binary-expr","locations":[{"start":{"line":26,"column":49},"end":{"line":26,"column":55}},{"start":{"line":26,"column":59},"end":{"line":26,"column":61}}],"line":26},"4":{"loc":{"start":{"line":35,"column":23},"end":{"line":35,"column":41}},"type":"binary-expr","locations":[{"start":{"line":35,"column":23},"end":{"line":35,"column":36}},{"start":{"line":35,"column":40},"end":{"line":35,"column":41}}],"line":35},"5":{"loc":{"start":{"line":47,"column":20},"end":{"line":47,"column":51}},"type":"binary-expr","locations":[{"start":{"line":47,"column":20},"end":{"line":47,"column":45}},{"start":{"line":47,"column":49},"end":{"line":47,"column":51}}],"line":47},"6":{"loc":{"start":{"line":48,"column":6},"end":{"line":52,"column":29}},"type":"if","locations":[{"start":{"line":48,"column":6},"end":{"line":52,"column":29}},{"start":{"line":49,"column":11},"end":{"line":52,"column":29}}],"line":48},"7":{"loc":{"start":{"line":49,"column":11},"end":{"line":52,"column":29}},"type":"if","locations":[{"start":{"line":49,"column":11},"end":{"line":52,"column":29}},{"start":{"line":50,"column":11},"end":{"line":52,"column":29}}],"line":49},"8":{"loc":{"start":{"line":50,"column":11},"end":{"line":52,"column":29}},"type":"if","locations":[{"start":{"line":50,"column":11},"end":{"line":52,"column":29}},{"start":{"line":51,"column":11},"end":{"line":52,"column":29}}],"line":50},"9":{"loc":{"start":{"line":51,"column":11},"end":{"line":52,"column":29}},"type":"if","locations":[{"start":{"line":51,"column":11},"end":{"line":52,"column":29}},{"start":{"line":52,"column":11},"end":{"line":52,"column":29}}],"line":51},"10":{"loc":{"start":{"line":59,"column":6},"end":{"line":59,"column":36}},"type":"if","locations":[{"start":{"line":59,"column":6},"end":{"line":59,"column":36}},{"start":{},"end":{}}],"line":59},"11":{"loc":{"start":{"line":78,"column":44},"end":{"line":78,"column":79}},"type":"binary-expr","locations":[{"start":{"line":78,"column":44},"end":{"line":78,"column":59}},{"start":{"line":78,"column":63},"end":{"line":78,"column":79}}],"line":78},"12":{"loc":{"start":{"line":79,"column":55},"end":{"line":79,"column":91}},"type":"binary-expr","locations":[{"start":{"line":79,"column":55},"end":{"line":79,"column":70}},{"start":{"line":79,"column":74},"end":{"line":79,"column":91}}],"line":79},"13":{"loc":{"start":{"line":80,"column":44},"end":{"line":80,"column":127}},"type":"cond-expr","locations":[{"start":{"line":80,"column":54},"end":{"line":80,"column":87}},{"start":{"line":80,"column":91},"end":{"line":80,"column":126}}],"line":80},"14":{"loc":{"start":{"line":80,"column":91},"end":{"line":80,"column":126}},"type":"binary-expr","locations":[{"start":{"line":80,"column":91},"end":{"line":80,"column":110}},{"start":{"line":80,"column":114},"end":{"line":80,"column":126}}],"line":80}},"s":{"0":1,"1":1,"2":1,"3":1,"4":0,"5":1,"6":0,"7":1,"8":1,"9":1,"10":1,"11":3,"12":3,"13":1,"14":1,"15":1,"16":3,"17":3,"18":1,"19":2,"20":1,"21":1,"22":0,"23":1,"24":0,"25":1,"26":1,"27":1,"28":1,"29":0,"30":1,"31":1,"32":1,"33":1,"34":1,"35":1,"36":1,"37":0},"f":{"0":1,"1":1,"2":3,"3":1,"4":3,"5":1,"6":1,"7":1},"b":{"0":[0,1],"1":[0,1],"2":[1,1],"3":[1,1],"4":[3,2],"5":[3,0],"6":[1,2],"7":[1,1],"8":[0,1],"9":[0,1],"10":[0,1],"11":[1,1],"12":[1,0],"13":[0,1],"14":[1,1]},"_coverageSchema":"1a1c01bbd47fc00a2c39e90264f33305004495a9","hash":"df9970c63d4ddc1a1c4d4134becd575de1a7d446"}
,"C:\\Users\\Blake\\OneDrive\\Documents\\sitemanager\\ComplianceApp\\src\\services\\authService.ts": {"path":"C:\\Users\\Blake\\OneDrive\\Documents\\sitemanager\\ComplianceApp\\src\\services\\authService.ts","statementMap":{"0":{"start":{"line":4,"column":27},"end":{"line":45,"column":1}},"1":{"start":{"line":6,"column":49},"end":{"line":9,"column":6}},"2":{"start":{"line":11,"column":4},"end":{"line":11,"column":35}},"3":{"start":{"line":11,"column":19},"end":{"line":11,"column":35}},"4":{"start":{"line":12,"column":4},"end":{"line":12,"column":81}},"5":{"start":{"line":12,"column":24},"end":{"line":12,"column":81}},"6":{"start":{"line":14,"column":20},"end":{"line":14,"column":59}},"7":{"start":{"line":16,"column":4},"end":{"line":18,"column":5}},"8":{"start":{"line":17,"column":6},"end":{"line":17,"column":81}},"9":{"start":{"line":20,"column":4},"end":{"line":20,"column":19}},"10":{"start":{"line":24,"column":22},"end":{"line":24,"column":51}},"11":{"start":{"line":25,"column":4},"end":{"line":25,"column":27}},"12":{"start":{"line":25,"column":15},"end":{"line":25,"column":27}},"13":{"start":{"line":29,"column":28},"end":{"line":33,"column":20}},"14":{"start":{"line":35,"column":4},"end":{"line":35,"column":27}},"15":{"start":{"line":35,"column":15},"end":{"line":35,"column":27}},"16":{"start":{"line":36,"column":4},"end":{"line":36,"column":27}},"17":{"start":{"line":36,"column":15},"end":{"line":36,"column":27}},"18":{"start":{"line":38,"column":4},"end":{"line":43,"column":6}}},"fnMap":{"0":{"name":"(anonymous_0)","decl":{"start":{"line":5,"column":2},"end":{"line":5,"column":3}},"loc":{"start":{"line":5,"column":63},"end":{"line":21,"column":3}},"line":5},"1":{"name":"(anonymous_1)","decl":{"start":{"line":23,"column":2},"end":{"line":23,"column":3}},"loc":{"start":{"line":23,"column":18},"end":{"line":26,"column":3}},"line":23},"2":{"name":"(anonymous_2)","decl":{"start":{"line":28,"column":2},"end":{"line":28,"column":3}},"loc":{"start":{"line":28,"column":54},"end":{"line":44,"column":3}},"line":28}},"branchMap":{"0":{"loc":{"start":{"line":11,"column":4},"end":{"line":11,"column":35}},"type":"if","locations":[{"start":{"line":11,"column":4},"end":{"line":11,"column":35}},{"start":{},"end":{}}],"line":11},"1":{"loc":{"start":{"line":12,"column":4},"end":{"line":12,"column":81}},"type":"if","locations":[{"start":{"line":12,"column":4},"end":{"line":12,"column":81}},{"start":{},"end":{}}],"line":12},"2":{"loc":{"start":{"line":16,"column":4},"end":{"line":18,"column":5}},"type":"if","locations":[{"start":{"line":16,"column":4},"end":{"line":18,"column":5}},{"start":{},"end":{}}],"line":16},"3":{"loc":{"start":{"line":25,"column":4},"end":{"line":25,"column":27}},"type":"if","locations":[{"start":{"line":25,"column":4},"end":{"line":25,"column":27}},{"start":{},"end":{}}],"line":25},"4":{"loc":{"start":{"line":35,"column":4},"end":{"line":35,"column":27}},"type":"if","locations":[{"start":{"line":35,"column":4},"end":{"line":35,"column":27}},{"start":{},"end":{}}],"line":35},"5":{"loc":{"start":{"line":36,"column":4},"end":{"line":36,"column":27}},"type":"if","locations":[{"start":{"line":36,"column":4},"end":{"line":36,"column":27}},{"start":{},"end":{}}],"line":36},"6":{"loc":{"start":{"line":40,"column":12},"end":{"line":40,"column":31}},"type":"binary-expr","locations":[{"start":{"line":40,"column":12},"end":{"line":40,"column":21}},{"start":{"line":40,"column":25},"end":{"line":40,"column":31}}],"line":40}},"s":{"0":1,"1":2,"2":2,"3":0,"4":2,"5":0,"6":2,"7":2,"8":1,"9":1,"10":1,"11":1,"12":0,"13":2,"14":2,"15":0,"16":2,"17":1,"18":1},"f":{"0":2,"1":1,"2":2},"b":{"0":[0,2],"1":[0,2],"2":[1,1],"3":[0,1],"4":[0,2],"5":[1,1],"6":[1,0]},"_coverageSchema":"1a1c01bbd47fc00a2c39e90264f33305004495a9","hash":"1ef5536603d6b4263b732d689f0acbcf83b57df7"}
,"C:\\Users\\Blake\\OneDrive\\Documents\\sitemanager\\ComplianceApp\\src\\services\\buildingService.ts": {"path":"C:\\Users\\Blake\\OneDrive\\Documents\\sitemanager\\ComplianceApp\\src\\services\\buildingService.ts","statementMap":{"0":{"start":{"line":5,"column":31},"end":{"line":26,"column":1}},"1":{"start":{"line":7,"column":28},"end":{"line":10,"column":53}},"2":{"start":{"line":12,"column":4},"end":{"line":12,"column":27}},"3":{"start":{"line":12,"column":15},"end":{"line":12,"column":27}},"4":{"start":{"line":14,"column":4},"end":{"line":24,"column":8}},"5":{"start":{"line":14,"column":29},"end":{"line":24,"column":5}}},"fnMap":{"0":{"name":"(anonymous_0)","decl":{"start":{"line":6,"column":2},"end":{"line":6,"column":3}},"loc":{"start":{"line":6,"column":28},"end":{"line":25,"column":3}},"line":6},"1":{"name":"(anonymous_1)","decl":{"start":{"line":14,"column":20},"end":{"line":14,"column":21}},"loc":{"start":{"line":14,"column":29},"end":{"line":24,"column":5}},"line":14}},"branchMap":{"0":{"loc":{"start":{"line":12,"column":4},"end":{"line":12,"column":27}},"type":"if","locations":[{"start":{"line":12,"column":4},"end":{"line":12,"column":27}},{"start":{},"end":{}}],"line":12}},"s":{"0":1,"1":2,"2":2,"3":1,"4":1,"5":1},"f":{"0":2,"1":1},"b":{"0":[1,1]},"_coverageSchema":"1a1c01bbd47fc00a2c39e90264f33305004495a9","hash":"277a1ce8d621d3bbdb943208ef16f1348e9e3b15"}
,"C:\\Users\\Blake\\OneDrive\\Documents\\sitemanager\\ComplianceApp\\src\\services\\contractorService.ts": {"path":"C:\\Users\\Blake\\OneDrive\\Documents\\sitemanager\\ComplianceApp\\src\\services\\contractorService.ts","statementMap":{"0":{"start":{"line":17,"column":33},"end":{"line":123,"column":1}},"1":{"start":{"line":19,"column":28},"end":{"line":23,"column":15}},"2":{"start":{"line":25,"column":4},"end":{"line":25,"column":27}},"3":{"start":{"line":25,"column":15},"end":{"line":25,"column":27}},"4":{"start":{"line":26,"column":4},"end":{"line":26,"column":16}},"5":{"start":{"line":30,"column":18},"end":{"line":30,"column":39}},"6":{"start":{"line":31,"column":4},"end":{"line":34,"column":5}},"7":{"start":{"line":32,"column":6},"end":{"line":32,"column":80}},"8":{"start":{"line":33,"column":6},"end":{"line":33,"column":31}},"9":{"start":{"line":36,"column":22},"end":{"line":39,"column":23}},"10":{"start":{"line":41,"column":4},"end":{"line":41,"column":27}},"11":{"start":{"line":41,"column":15},"end":{"line":41,"column":27}},"12":{"start":{"line":45,"column":23},"end":{"line":49,"column":5}},"13":{"start":{"line":51,"column":18},"end":{"line":51,"column":39}},"14":{"start":{"line":52,"column":4},"end":{"line":55,"column":5}},"15":{"start":{"line":53,"column":6},"end":{"line":53,"column":83}},"16":{"start":{"line":54,"column":6},"end":{"line":54,"column":31}},"17":{"start":{"line":57,"column":22},"end":{"line":60,"column":23}},"18":{"start":{"line":62,"column":4},"end":{"line":62,"column":27}},"19":{"start":{"line":62,"column":15},"end":{"line":62,"column":27}},"20":{"start":{"line":66,"column":28},"end":{"line":69,"column":31}},"21":{"start":{"line":71,"column":4},"end":{"line":71,"column":27}},"22":{"start":{"line":71,"column":15},"end":{"line":71,"column":27}},"23":{"start":{"line":72,"column":4},"end":{"line":72,"column":16}},"24":{"start":{"line":76,"column":18},"end":{"line":76,"column":39}},"25":{"start":{"line":77,"column":4},"end":{"line":80,"column":5}},"26":{"start":{"line":78,"column":6},"end":{"line":78,"column":90}},"27":{"start":{"line":79,"column":6},"end":{"line":79,"column":31}},"28":{"start":{"line":82,"column":28},"end":{"line":87,"column":15}},"29":{"start":{"line":89,"column":4},"end":{"line":89,"column":27}},"30":{"start":{"line":89,"column":15},"end":{"line":89,"column":27}},"31":{"start":{"line":90,"column":4},"end":{"line":90,"column":16}},"32":{"start":{"line":94,"column":28},"end":{"line":98,"column":42}},"33":{"start":{"line":100,"column":4},"end":{"line":100,"column":27}},"34":{"start":{"line":100,"column":15},"end":{"line":100,"column":27}},"35":{"start":{"line":101,"column":4},"end":{"line":101,"column":16}},"36":{"start":{"line":105,"column":18},"end":{"line":105,"column":50}},"37":{"start":{"line":106,"column":23},"end":{"line":106,"column":72}},"38":{"start":{"line":108,"column":18},"end":{"line":108,"column":39}},"39":{"start":{"line":109,"column":4},"end":{"line":112,"column":5}},"40":{"start":{"line":110,"column":6},"end":{"line":110,"column":75}},"41":{"start":{"line":111,"column":6},"end":{"line":111,"column":31}},"42":{"start":{"line":114,"column":28},"end":{"line":118,"column":15}},"43":{"start":{"line":120,"column":4},"end":{"line":120,"column":27}},"44":{"start":{"line":120,"column":15},"end":{"line":120,"column":27}},"45":{"start":{"line":121,"column":4},"end":{"line":121,"column":16}}},"fnMap":{"0":{"name":"(anonymous_0)","decl":{"start":{"line":18,"column":2},"end":{"line":18,"column":3}},"loc":{"start":{"line":18,"column":56},"end":{"line":27,"column":3}},"line":18},"1":{"name":"(anonymous_1)","decl":{"start":{"line":29,"column":2},"end":{"line":29,"column":3}},"loc":{"start":{"line":29,"column":61},"end":{"line":42,"column":3}},"line":29},"2":{"name":"(anonymous_2)","decl":{"start":{"line":44,"column":2},"end":{"line":44,"column":3}},"loc":{"start":{"line":44,"column":54},"end":{"line":63,"column":3}},"line":44},"3":{"name":"(anonymous_3)","decl":{"start":{"line":65,"column":2},"end":{"line":65,"column":3}},"loc":{"start":{"line":65,"column":51},"end":{"line":73,"column":3}},"line":65},"4":{"name":"(anonymous_4)","decl":{"start":{"line":75,"column":2},"end":{"line":75,"column":3}},"loc":{"start":{"line":75,"column":62},"end":{"line":91,"column":3}},"line":75},"5":{"name":"(anonymous_5)","decl":{"start":{"line":93,"column":2},"end":{"line":93,"column":3}},"loc":{"start":{"line":93,"column":56},"end":{"line":102,"column":3}},"line":93},"6":{"name":"(anonymous_6)","decl":{"start":{"line":104,"column":2},"end":{"line":104,"column":3}},"loc":{"start":{"line":104,"column":72},"end":{"line":122,"column":3}},"line":104}},"branchMap":{"0":{"loc":{"start":{"line":25,"column":4},"end":{"line":25,"column":27}},"type":"if","locations":[{"start":{"line":25,"column":4},"end":{"line":25,"column":27}},{"start":{},"end":{}}],"line":25},"1":{"loc":{"start":{"line":31,"column":4},"end":{"line":34,"column":5}},"type":"if","locations":[{"start":{"line":31,"column":4},"end":{"line":34,"column":5}},{"start":{},"end":{}}],"line":31},"2":{"loc":{"start":{"line":41,"column":4},"end":{"line":41,"column":27}},"type":"if","locations":[{"start":{"line":41,"column":4},"end":{"line":41,"column":27}},{"start":{},"end":{}}],"line":41},"3":{"loc":{"start":{"line":52,"column":4},"end":{"line":55,"column":5}},"type":"if","locations":[{"start":{"line":52,"column":4},"end":{"line":55,"column":5}},{"start":{},"end":{}}],"line":52},"4":{"loc":{"start":{"line":62,"column":4},"end":{"line":62,"column":27}},"type":"if","locations":[{"start":{"line":62,"column":4},"end":{"line":62,"column":27}},{"start":{},"end":{}}],"line":62},"5":{"loc":{"start":{"line":71,"column":4},"end":{"line":71,"column":27}},"type":"if","locations":[{"start":{"line":71,"column":4},"end":{"line":71,"column":27}},{"start":{},"end":{}}],"line":71},"6":{"loc":{"start":{"line":77,"column":4},"end":{"line":80,"column":5}},"type":"if","locations":[{"start":{"line":77,"column":4},"end":{"line":80,"column":5}},{"start":{},"end":{}}],"line":77},"7":{"loc":{"start":{"line":89,"column":4},"end":{"line":89,"column":27}},"type":"if","locations":[{"start":{"line":89,"column":4},"end":{"line":89,"column":27}},{"start":{},"end":{}}],"line":89},"8":{"loc":{"start":{"line":100,"column":4},"end":{"line":100,"column":27}},"type":"if","locations":[{"start":{"line":100,"column":4},"end":{"line":100,"column":27}},{"start":{},"end":{}}],"line":100},"9":{"loc":{"start":{"line":105,"column":18},"end":{"line":105,"column":50}},"type":"cond-expr","locations":[{"start":{"line":105,"column":28},"end":{"line":105,"column":36}},{"start":{"line":105,"column":39},"end":{"line":105,"column":50}}],"line":105},"10":{"loc":{"start":{"line":109,"column":4},"end":{"line":112,"column":5}},"type":"if","locations":[{"start":{"line":109,"column":4},"end":{"line":112,"column":5}},{"start":{},"end":{}}],"line":109},"11":{"loc":{"start":{"line":120,"column":4},"end":{"line":120,"column":27}},"type":"if","locations":[{"start":{"line":120,"column":4},"end":{"line":120,"column":27}},{"start":{},"end":{}}],"line":120}},"s":{"0":1,"1":1,"2":1,"3":0,"4":1,"5":1,"6":1,"7":0,"8":0,"9":1,"10":1,"11":0,"12":1,"13":1,"14":1,"15":1,"16":1,"17":0,"18":0,"19":0,"20":1,"21":1,"22":0,"23":1,"24":0,"25":0,"26":0,"27":0,"28":0,"29":0,"30":0,"31":0,"32":1,"33":1,"34":0,"35":1,"36":2,"37":2,"38":2,"39":2,"40":0,"41":0,"42":2,"43":2,"44":0,"45":2},"f":{"0":1,"1":1,"2":1,"3":1,"4":0,"5":1,"6":2},"b":{"0":[0,1],"1":[0,1],"2":[0,1],"3":[1,0],"4":[0,0],"5":[0,1],"6":[0,0],"7":[0,0],"8":[0,1],"9":[1,1],"10":[0,2],"11":[0,2]},"_coverageSchema":"1a1c01bbd47fc00a2c39e90264f33305004495a9","hash":"a817fa87184676e239b0f35a26760b5aa7fade90"}
,"C:\\Users\\Blake\\OneDrive\\Documents\\sitemanager\\ComplianceApp\\src\\services\\fileService.ts": {"path":"C:\\Users\\Blake\\OneDrive\\Documents\\sitemanager\\ComplianceApp\\src\\services\\fileService.ts","statementMap":{"0":{"start":{"line":7,"column":27},"end":{"line":89,"column":1}},"1":{"start":{"line":9,"column":16},"end":{"line":9,"column":56}},"2":{"start":{"line":10,"column":4},"end":{"line":10,"column":48}},"3":{"start":{"line":10,"column":23},"end":{"line":10,"column":48}},"4":{"start":{"line":11,"column":4},"end":{"line":11,"column":24}},"5":{"start":{"line":15,"column":18},"end":{"line":15,"column":39}},"6":{"start":{"line":16,"column":24},"end":{"line":16,"column":46}},"7":{"start":{"line":18,"column":4},"end":{"line":27,"column":5}},"8":{"start":{"line":19,"column":6},"end":{"line":24,"column":9}},"9":{"start":{"line":26,"column":6},"end":{"line":26,"column":37}},"10":{"start":{"line":29,"column":4},"end":{"line":46,"column":5}},"11":{"start":{"line":30,"column":25},"end":{"line":32,"column":8}},"12":{"start":{"line":34,"column":24},"end":{"line":39,"column":10}},"13":{"start":{"line":41,"column":6},"end":{"line":41,"column":29}},"14":{"start":{"line":41,"column":17},"end":{"line":41,"column":29}},"15":{"start":{"line":42,"column":6},"end":{"line":42,"column":18}},"16":{"start":{"line":44,"column":6},"end":{"line":44,"column":44}},"17":{"start":{"line":45,"column":6},"end":{"line":45,"column":18}},"18":{"start":{"line":50,"column":20},"end":{"line":50,"column":82}},"19":{"start":{"line":51,"column":21},"end":{"line":51,"column":53}},"20":{"start":{"line":52,"column":4},"end":{"line":52,"column":73}},"21":{"start":{"line":56,"column":18},"end":{"line":56,"column":39}},"22":{"start":{"line":57,"column":19},"end":{"line":57,"column":29}},"23":{"start":{"line":58,"column":17},"end":{"line":58,"column":46}},"24":{"start":{"line":60,"column":4},"end":{"line":68,"column":5}},"25":{"start":{"line":61,"column":6},"end":{"line":66,"column":9}},"26":{"start":{"line":67,"column":6},"end":{"line":67,"column":37}},"27":{"start":{"line":70,"column":4},"end":{"line":87,"column":5}},"28":{"start":{"line":71,"column":25},"end":{"line":73,"column":8}},"29":{"start":{"line":75,"column":24},"end":{"line":80,"column":10}},"30":{"start":{"line":82,"column":6},"end":{"line":82,"column":29}},"31":{"start":{"line":82,"column":17},"end":{"line":82,"column":29}},"32":{"start":{"line":83,"column":6},"end":{"line":83,"column":18}},"33":{"start":{"line":85,"column":6},"end":{"line":85,"column":27}},"34":{"start":{"line":86,"column":6},"end":{"line":86,"column":18}}},"fnMap":{"0":{"name":"(anonymous_0)","decl":{"start":{"line":8,"column":2},"end":{"line":8,"column":3}},"loc":{"start":{"line":8,"column":32},"end":{"line":12,"column":3}},"line":8},"1":{"name":"(anonymous_1)","decl":{"start":{"line":14,"column":2},"end":{"line":14,"column":3}},"loc":{"start":{"line":14,"column":66},"end":{"line":47,"column":3}},"line":14},"2":{"name":"(anonymous_2)","decl":{"start":{"line":49,"column":2},"end":{"line":49,"column":3}},"loc":{"start":{"line":49,"column":83},"end":{"line":53,"column":3}},"line":49},"3":{"name":"(anonymous_3)","decl":{"start":{"line":55,"column":2},"end":{"line":55,"column":3}},"loc":{"start":{"line":55,"column":107},"end":{"line":88,"column":3}},"line":55}},"branchMap":{"0":{"loc":{"start":{"line":10,"column":4},"end":{"line":10,"column":48}},"type":"if","locations":[{"start":{"line":10,"column":4},"end":{"line":10,"column":48}},{"start":{},"end":{}}],"line":10},"1":{"loc":{"start":{"line":18,"column":4},"end":{"line":27,"column":5}},"type":"if","locations":[{"start":{"line":18,"column":4},"end":{"line":27,"column":5}},{"start":{},"end":{}}],"line":18},"2":{"loc":{"start":{"line":41,"column":6},"end":{"line":41,"column":29}},"type":"if","locations":[{"start":{"line":41,"column":6},"end":{"line":41,"column":29}},{"start":{},"end":{}}],"line":41},"3":{"loc":{"start":{"line":49,"column":64},"end":{"line":49,"column":81}},"type":"default-arg","locations":[{"start":{"line":49,"column":76},"end":{"line":49,"column":81}}],"line":49},"4":{"loc":{"start":{"line":50,"column":20},"end":{"line":50,"column":82}},"type":"binary-expr","locations":[{"start":{"line":50,"column":20},"end":{"line":50,"column":73}},{"start":{"line":50,"column":77},"end":{"line":50,"column":82}}],"line":50},"5":{"loc":{"start":{"line":55,"column":88},"end":{"line":55,"column":105}},"type":"default-arg","locations":[{"start":{"line":55,"column":100},"end":{"line":55,"column":105}}],"line":55},"6":{"loc":{"start":{"line":60,"column":4},"end":{"line":68,"column":5}},"type":"if","locations":[{"start":{"line":60,"column":4},"end":{"line":68,"column":5}},{"start":{},"end":{}}],"line":60},"7":{"loc":{"start":{"line":60,"column":8},"end":{"line":60,"column":40}},"type":"binary-expr","locations":[{"start":{"line":60,"column":8},"end":{"line":60,"column":26}},{"start":{"line":60,"column":30},"end":{"line":60,"column":40}}],"line":60},"8":{"loc":{"start":{"line":82,"column":6},"end":{"line":82,"column":29}},"type":"if","locations":[{"start":{"line":82,"column":6},"end":{"line":82,"column":29}},{"start":{},"end":{}}],"line":82}},"s":{"0":2,"1":4,"2":4,"3":1,"4":3,"5":4,"6":4,"7":4,"8":1,"9":1,"10":3,"11":3,"12":3,"13":3,"14":0,"15":3,"16":0,"17":0,"18":3,"19":3,"20":3,"21":0,"22":0,"23":0,"24":0,"25":0,"26":0,"27":0,"28":0,"29":0,"30":0,"31":0,"32":0,"33":0,"34":0},"f":{"0":4,"1":4,"2":3,"3":0},"b":{"0":[1,3],"1":[1,3],"2":[0,3],"3":[3],"4":[3,0],"5":[0],"6":[0,0],"7":[0,0],"8":[0,0]},"_coverageSchema":"1a1c01bbd47fc00a2c39e90264f33305004495a9","hash":"96cae7cf6287e14206726759143af1cfbc0aa8a0"}
,"C:\\Users\\Blake\\OneDrive\\Documents\\sitemanager\\ComplianceApp\\src\\services\\incidentService.ts": {"path":"C:\\Users\\Blake\\OneDrive\\Documents\\sitemanager\\ComplianceApp\\src\\services\\incidentService.ts","statementMap":{"0":{"start":{"line":22,"column":31},"end":{"line":71,"column":1}},"1":{"start":{"line":24,"column":28},"end":{"line":27,"column":48}},"2":{"start":{"line":29,"column":4},"end":{"line":29,"column":27}},"3":{"start":{"line":29,"column":15},"end":{"line":29,"column":27}},"4":{"start":{"line":30,"column":4},"end":{"line":30,"column":22}},"5":{"start":{"line":40,"column":30},"end":{"line":47,"column":5}},"6":{"start":{"line":49,"column":18},"end":{"line":49,"column":39}},"7":{"start":{"line":51,"column":4},"end":{"line":54,"column":5}},"8":{"start":{"line":52,"column":6},"end":{"line":52,"column":91}},"9":{"start":{"line":53,"column":6},"end":{"line":53,"column":31}},"10":{"start":{"line":56,"column":19},"end":{"line":56,"column":23}},"11":{"start":{"line":57,"column":4},"end":{"line":60,"column":5}},"12":{"start":{"line":59,"column":6},"end":{"line":59,"column":86}},"13":{"start":{"line":62,"column":28},"end":{"line":66,"column":15}},"14":{"start":{"line":68,"column":4},"end":{"line":68,"column":27}},"15":{"start":{"line":68,"column":15},"end":{"line":68,"column":27}},"16":{"start":{"line":69,"column":4},"end":{"line":69,"column":16}}},"fnMap":{"0":{"name":"(anonymous_0)","decl":{"start":{"line":23,"column":2},"end":{"line":23,"column":3}},"loc":{"start":{"line":23,"column":44},"end":{"line":31,"column":3}},"line":23},"1":{"name":"(anonymous_1)","decl":{"start":{"line":33,"column":2},"end":{"line":33,"column":3}},"loc":{"start":{"line":39,"column":4},"end":{"line":70,"column":3}},"line":39}},"branchMap":{"0":{"loc":{"start":{"line":29,"column":4},"end":{"line":29,"column":27}},"type":"if","locations":[{"start":{"line":29,"column":4},"end":{"line":29,"column":27}},{"start":{},"end":{}}],"line":29},"1":{"loc":{"start":{"line":30,"column":11},"end":{"line":30,"column":21}},"type":"binary-expr","locations":[{"start":{"line":30,"column":11},"end":{"line":30,"column":15}},{"start":{"line":30,"column":19},"end":{"line":30,"column":21}}],"line":30},"2":{"loc":{"start":{"line":38,"column":4},"end":{"line":38,"column":42}},"type":"default-arg","locations":[{"start":{"line":38,"column":33},"end":{"line":38,"column":42}}],"line":38},"3":{"loc":{"start":{"line":44,"column":12},"end":{"line":44,"column":66}},"type":"cond-expr","locations":[{"start":{"line":44,"column":42},"end":{"line":44,"column":53}},{"start":{"line":44,"column":56},"end":{"line":44,"column":66}}],"line":44},"4":{"loc":{"start":{"line":51,"column":4},"end":{"line":54,"column":5}},"type":"if","locations":[{"start":{"line":51,"column":4},"end":{"line":54,"column":5}},{"start":{},"end":{}}],"line":51},"5":{"loc":{"start":{"line":57,"column":4},"end":{"line":60,"column":5}},"type":"if","locations":[{"start":{"line":57,"column":4},"end":{"line":60,"column":5}},{"start":{},"end":{}}],"line":57},"6":{"loc":{"start":{"line":59,"column":58},"end":{"line":59,"column":74}},"type":"binary-expr","locations":[{"start":{"line":59,"column":58},"end":{"line":59,"column":64}},{"start":{"line":59,"column":68},"end":{"line":59,"column":74}}],"line":59},"7":{"loc":{"start":{"line":68,"column":4},"end":{"line":68,"column":27}},"type":"if","locations":[{"start":{"line":68,"column":4},"end":{"line":68,"column":27}},{"start":{},"end":{}}],"line":68}},"s":{"0":1,"1":0,"2":0,"3":0,"4":0,"5":2,"6":2,"7":2,"8":1,"9":1,"10":1,"11":1,"12":1,"13":1,"14":1,"15":0,"16":1},"f":{"0":0,"1":2},"b":{"0":[0,0],"1":[0,0],"2":[2],"3":[0,2],"4":[1,1],"5":[1,0],"6":[1,0],"7":[0,1]},"_coverageSchema":"1a1c01bbd47fc00a2c39e90264f33305004495a9","hash":"5c21a9986bff6ac9f78ee2dd8cfc1c63aa69200a"}
,"C:\\Users\\Blake\\OneDrive\\Documents\\sitemanager\\ComplianceApp\\src\\services\\notificationService.ts": {"path":"C:\\Users\\Blake\\OneDrive\\Documents\\sitemanager\\ComplianceApp\\src\\services\\notificationService.ts","statementMap":{"0":{"start":{"line":7,"column":35},"end":{"line":106,"column":1}},"1":{"start":{"line":9,"column":4},"end":{"line":26,"column":5}},"2":{"start":{"line":10,"column":20},"end":{"line":10,"column":41}},"3":{"start":{"line":11,"column":6},"end":{"line":11,"column":37}},"4":{"start":{"line":11,"column":30},"end":{"line":11,"column":37}},"5":{"start":{"line":13,"column":24},"end":{"line":16,"column":32}},"6":{"start":{"line":18,"column":6},"end":{"line":23,"column":7}},"7":{"start":{"line":19,"column":8},"end":{"line":22,"column":10}},"8":{"start":{"line":25,"column":6},"end":{"line":25,"column":48}},"9":{"start":{"line":30,"column":4},"end":{"line":30,"column":33}},"10":{"start":{"line":30,"column":26},"end":{"line":30,"column":33}},"11":{"start":{"line":32,"column":39},"end":{"line":32,"column":80}},"12":{"start":{"line":33,"column":22},"end":{"line":33,"column":36}},"13":{"start":{"line":35,"column":4},"end":{"line":38,"column":5}},"14":{"start":{"line":36,"column":25},"end":{"line":36,"column":70}},"15":{"start":{"line":37,"column":6},"end":{"line":37,"column":27}},"16":{"start":{"line":40,"column":4},"end":{"line":40,"column":42}},"17":{"start":{"line":40,"column":35},"end":{"line":40,"column":42}},"18":{"start":{"line":42,"column":18},"end":{"line":42,"column":68}},"19":{"start":{"line":44,"column":4},"end":{"line":44,"column":83}},"20":{"start":{"line":46,"column":4},"end":{"line":51,"column":5}},"21":{"start":{"line":47,"column":6},"end":{"line":50,"column":9}},"22":{"start":{"line":53,"column":4},"end":{"line":53,"column":17}},"23":{"start":{"line":57,"column":21},"end":{"line":61,"column":48}},"24":{"start":{"line":62,"column":4},"end":{"line":62,"column":16}},"25":{"start":{"line":66,"column":22},"end":{"line":69,"column":31}},"26":{"start":{"line":70,"column":4},"end":{"line":70,"column":27}},"27":{"start":{"line":70,"column":15},"end":{"line":70,"column":27}},"28":{"start":{"line":74,"column":22},"end":{"line":77,"column":54}},"29":{"start":{"line":78,"column":4},"end":{"line":78,"column":27}},"30":{"start":{"line":78,"column":15},"end":{"line":78,"column":27}},"31":{"start":{"line":82,"column":2},"end":{"line":104,"column":3}},"32":{"start":{"line":83,"column":31},"end":{"line":86,"column":28}},"33":{"start":{"line":88,"column":4},"end":{"line":88,"column":51}},"34":{"start":{"line":88,"column":44},"end":{"line":88,"column":51}},"35":{"start":{"line":90,"column":26},"end":{"line":97,"column":7}},"36":{"start":{"line":90,"column":45},"end":{"line":97,"column":5}},"37":{"start":{"line":99,"column":22},"end":{"line":99,"column":85}},"38":{"start":{"line":100,"column":4},"end":{"line":100,"column":27}},"39":{"start":{"line":100,"column":15},"end":{"line":100,"column":27}},"40":{"start":{"line":103,"column":4},"end":{"line":103,"column":50}}},"fnMap":{"0":{"name":"(anonymous_0)","decl":{"start":{"line":8,"column":2},"end":{"line":8,"column":3}},"loc":{"start":{"line":8,"column":28},"end":{"line":27,"column":3}},"line":8},"1":{"name":"(anonymous_1)","decl":{"start":{"line":29,"column":2},"end":{"line":29,"column":3}},"loc":{"start":{"line":29,"column":53},"end":{"line":54,"column":3}},"line":29},"2":{"name":"(anonymous_2)","decl":{"start":{"line":56,"column":2},"end":{"line":56,"column":3}},"loc":{"start":{"line":56,"column":43},"end":{"line":63,"column":3}},"line":56},"3":{"name":"(anonymous_3)","decl":{"start":{"line":65,"column":2},"end":{"line":65,"column":3}},"loc":{"start":{"line":65,"column":43},"end":{"line":71,"column":3}},"line":65},"4":{"name":"(anonymous_4)","decl":{"start":{"line":73,"column":2},"end":{"line":73,"column":3}},"loc":{"start":{"line":73,"column":38},"end":{"line":79,"column":3}},"line":73},"5":{"name":"(anonymous_5)","decl":{"start":{"line":81,"column":2},"end":{"line":81,"column":3}},"loc":{"start":{"line":81,"column":116},"end":{"line":105,"column":1}},"line":81},"6":{"name":"(anonymous_6)","decl":{"start":{"line":90,"column":39},"end":{"line":90,"column":40}},"loc":{"start":{"line":90,"column":45},"end":{"line":97,"column":5}},"line":90}},"branchMap":{"0":{"loc":{"start":{"line":11,"column":6},"end":{"line":11,"column":37}},"type":"if","locations":[{"start":{"line":11,"column":6},"end":{"line":11,"column":37}},{"start":{},"end":{}}],"line":11},"1":{"loc":{"start":{"line":18,"column":6},"end":{"line":23,"column":7}},"type":"if","locations":[{"start":{"line":18,"column":6},"end":{"line":23,"column":7}},{"start":{},"end":{}}],"line":18},"2":{"loc":{"start":{"line":18,"column":10},"end":{"line":18,"column":28}},"type":"binary-expr","locations":[{"start":{"line":18,"column":10},"end":{"line":18,"column":15}},{"start":{"line":18,"column":19},"end":{"line":18,"column":28}}],"line":18},"3":{"loc":{"start":{"line":30,"column":4},"end":{"line":30,"column":33}},"type":"if","locations":[{"start":{"line":30,"column":4},"end":{"line":30,"column":33}},{"start":{},"end":{}}],"line":30},"4":{"loc":{"start":{"line":35,"column":4},"end":{"line":38,"column":5}},"type":"if","locations":[{"start":{"line":35,"column":4},"end":{"line":38,"column":5}},{"start":{},"end":{}}],"line":35},"5":{"loc":{"start":{"line":40,"column":4},"end":{"line":40,"column":42}},"type":"if","locations":[{"start":{"line":40,"column":4},"end":{"line":40,"column":42}},{"start":{},"end":{}}],"line":40},"6":{"loc":{"start":{"line":46,"column":4},"end":{"line":51,"column":5}},"type":"if","locations":[{"start":{"line":46,"column":4},"end":{"line":51,"column":5}},{"start":{},"end":{}}],"line":46},"7":{"loc":{"start":{"line":70,"column":4},"end":{"line":70,"column":27}},"type":"if","locations":[{"start":{"line":70,"column":4},"end":{"line":70,"column":27}},{"start":{},"end":{}}],"line":70},"8":{"loc":{"start":{"line":78,"column":4},"end":{"line":78,"column":27}},"type":"if","locations":[{"start":{"line":78,"column":4},"end":{"line":78,"column":27}},{"start":{},"end":{}}],"line":78},"9":{"loc":{"start":{"line":88,"column":4},"end":{"line":88,"column":51}},"type":"if","locations":[{"start":{"line":88,"column":4},"end":{"line":88,"column":51}},{"start":{},"end":{}}],"line":88},"10":{"loc":{"start":{"line":88,"column":8},"end":{"line":88,"column":42}},"type":"binary-expr","locations":[{"start":{"line":88,"column":8},"end":{"line":88,"column":17}},{"start":{"line":88,"column":21},"end":{"line":88,"column":42}}],"line":88},"11":{"loc":{"start":{"line":100,"column":4},"end":{"line":100,"column":27}},"type":"if","locations":[{"start":{"line":100,"column":4},"end":{"line":100,"column":27}},{"start":{},"end":{}}],"line":100}},"s":{"0":1,"1":1,"2":1,"3":1,"4":0,"5":1,"6":1,"7":1,"8":0,"9":1,"10":0,"11":1,"12":1,"13":1,"14":0,"15":0,"16":1,"17":0,"18":1,"19":1,"20":1,"21":0,"22":1,"23":1,"24":1,"25":0,"26":0,"27":0,"28":1,"29":1,"30":0,"31":1,"32":1,"33":1,"34":0,"35":1,"36":2,"37":1,"38":1,"39":0,"40":0},"f":{"0":1,"1":1,"2":1,"3":0,"4":1,"5":1,"6":2},"b":{"0":[0,1],"1":[1,0],"2":[1,1],"3":[0,1],"4":[0,1],"5":[0,1],"6":[0,1],"7":[0,0],"8":[0,1],"9":[0,1],"10":[1,1],"11":[0,1]},"_coverageSchema":"1a1c01bbd47fc00a2c39e90264f33305004495a9","hash":"189bc076cdc52961476935d67e24f9b839708f5d"}
,"C:\\Users\\Blake\\OneDrive\\Documents\\sitemanager\\ComplianceApp\\src\\services\\privacyService.ts": {"path":"C:\\Users\\Blake\\OneDrive\\Documents\\sitemanager\\ComplianceApp\\src\\services\\privacyService.ts","statementMap":{"0":{"start":{"line":4,"column":30},"end":{"line":22,"column":1}},"1":{"start":{"line":6,"column":4},"end":{"line":20,"column":5}},"2":{"start":{"line":7,"column":32},"end":{"line":7,"column":101}},"3":{"start":{"line":8,"column":36},"end":{"line":8,"column":102}},"4":{"start":{"line":10,"column":25},"end":{"line":14,"column":7}},"5":{"start":{"line":16,"column":6},"end":{"line":16,"column":63}},"6":{"start":{"line":17,"column":6},"end":{"line":17,"column":110}},"7":{"start":{"line":19,"column":6},"end":{"line":19,"column":61}}},"fnMap":{"0":{"name":"(anonymous_0)","decl":{"start":{"line":5,"column":2},"end":{"line":5,"column":3}},"loc":{"start":{"line":5,"column":39},"end":{"line":21,"column":3}},"line":5}},"branchMap":{"0":{"loc":{"start":{"line":13,"column":23},"end":{"line":13,"column":40}},"type":"binary-expr","locations":[{"start":{"line":13,"column":23},"end":{"line":13,"column":34}},{"start":{"line":13,"column":38},"end":{"line":13,"column":40}}],"line":13}},"s":{"0":1,"1":2,"2":2,"3":1,"4":1,"5":1,"6":1,"7":1},"f":{"0":2},"b":{"0":[1,0]},"_coverageSchema":"1a1c01bbd47fc00a2c39e90264f33305004495a9","hash":"21f8eedeaba5574dfb2a49a4fbcdb0de9d8a2e0c"}
,"C:\\Users\\Blake\\OneDrive\\Documents\\sitemanager\\ComplianceApp\\src\\services\\settingsService.ts": {"path":"C:\\Users\\Blake\\OneDrive\\Documents\\sitemanager\\ComplianceApp\\src\\services\\settingsService.ts","statementMap":{"0":{"start":{"line":10,"column":31},"end":{"line":42,"column":1}},"1":{"start":{"line":12,"column":28},"end":{"line":16,"column":15}},"2":{"start":{"line":18,"column":4},"end":{"line":18,"column":27}},"3":{"start":{"line":18,"column":15},"end":{"line":18,"column":27}},"4":{"start":{"line":19,"column":4},"end":{"line":19,"column":16}},"5":{"start":{"line":23,"column":23},"end":{"line":26,"column":5}},"6":{"start":{"line":28,"column":18},"end":{"line":28,"column":39}},"7":{"start":{"line":29,"column":4},"end":{"line":32,"column":5}},"8":{"start":{"line":30,"column":6},"end":{"line":30,"column":83}},"9":{"start":{"line":31,"column":6},"end":{"line":31,"column":31}},"10":{"start":{"line":34,"column":22},"end":{"line":37,"column":18}},"11":{"start":{"line":39,"column":4},"end":{"line":39,"column":27}},"12":{"start":{"line":39,"column":15},"end":{"line":39,"column":27}},"13":{"start":{"line":40,"column":4},"end":{"line":40,"column":16}}},"fnMap":{"0":{"name":"(anonymous_0)","decl":{"start":{"line":11,"column":2},"end":{"line":11,"column":3}},"loc":{"start":{"line":11,"column":49},"end":{"line":20,"column":3}},"line":11},"1":{"name":"(anonymous_1)","decl":{"start":{"line":22,"column":2},"end":{"line":22,"column":3}},"loc":{"start":{"line":22,"column":60},"end":{"line":41,"column":3}},"line":22}},"branchMap":{"0":{"loc":{"start":{"line":18,"column":4},"end":{"line":18,"column":27}},"type":"if","locations":[{"start":{"line":18,"column":4},"end":{"line":18,"column":27}},{"start":{},"end":{}}],"line":18},"1":{"loc":{"start":{"line":29,"column":4},"end":{"line":32,"column":5}},"type":"if","locations":[{"start":{"line":29,"column":4},"end":{"line":32,"column":5}},{"start":{},"end":{}}],"line":29},"2":{"loc":{"start":{"line":39,"column":4},"end":{"line":39,"column":27}},"type":"if","locations":[{"start":{"line":39,"column":4},"end":{"line":39,"column":27}},{"start":{},"end":{}}],"line":39}},"s":{"0":1,"1":2,"2":2,"3":1,"4":1,"5":2,"6":2,"7":2,"8":1,"9":1,"10":1,"11":1,"12":0,"13":1},"f":{"0":2,"1":2},"b":{"0":[1,1],"1":[1,1],"2":[0,1]},"_coverageSchema":"1a1c01bbd47fc00a2c39e90264f33305004495a9","hash":"d44797a6dda6766d8dc694a6aa481b2b3b563ceb"}
,"C:\\Users\\Blake\\OneDrive\\Documents\\sitemanager\\ComplianceApp\\src\\services\\syncService.ts": {"path":"C:\\Users\\Blake\\OneDrive\\Documents\\sitemanager\\ComplianceApp\\src\\services\\syncService.ts","statementMap":{"0":{"start":{"line":6,"column":18},"end":{"line":6,"column":37}},"1":{"start":{"line":8,"column":27},"end":{"line":69,"column":1}},"2":{"start":{"line":10,"column":18},"end":{"line":10,"column":39}},"3":{"start":{"line":11,"column":20},"end":{"line":16,"column":5}},"4":{"start":{"line":17,"column":4},"end":{"line":17,"column":79}},"5":{"start":{"line":18,"column":4},"end":{"line":18,"column":46}},"6":{"start":{"line":22,"column":18},"end":{"line":22,"column":55}},"7":{"start":{"line":23,"column":4},"end":{"line":23,"column":42}},"8":{"start":{"line":27,"column":18},"end":{"line":27,"column":39}},"9":{"start":{"line":28,"column":4},"end":{"line":28,"column":35}},"10":{"start":{"line":28,"column":28},"end":{"line":28,"column":35}},"11":{"start":{"line":30,"column":16},"end":{"line":30,"column":37}},"12":{"start":{"line":31,"column":4},"end":{"line":31,"column":35}},"13":{"start":{"line":31,"column":28},"end":{"line":31,"column":35}},"14":{"start":{"line":33,"column":4},"end":{"line":33,"column":52}},"15":{"start":{"line":35,"column":4},"end":{"line":65,"column":5}},"16":{"start":{"line":36,"column":6},"end":{"line":64,"column":7}},"17":{"start":{"line":37,"column":8},"end":{"line":56,"column":9}},"18":{"start":{"line":38,"column":10},"end":{"line":44,"column":11}},"19":{"start":{"line":39,"column":12},"end":{"line":39,"column":96}},"20":{"start":{"line":40,"column":17},"end":{"line":44,"column":11}},"21":{"start":{"line":41,"column":12},"end":{"line":41,"column":96}},"22":{"start":{"line":42,"column":17},"end":{"line":44,"column":11}},"23":{"start":{"line":43,"column":12},"end":{"line":43,"column":118}},"24":{"start":{"line":45,"column":15},"end":{"line":56,"column":9}},"25":{"start":{"line":46,"column":28},"end":{"line":46,"column":105}},"26":{"start":{"line":47,"column":10},"end":{"line":47,"column":33}},"27":{"start":{"line":47,"column":21},"end":{"line":47,"column":33}},"28":{"start":{"line":48,"column":15},"end":{"line":56,"column":9}},"29":{"start":{"line":49,"column":52},"end":{"line":49,"column":61}},"30":{"start":{"line":50,"column":30},"end":{"line":50,"column":66}},"31":{"start":{"line":51,"column":28},"end":{"line":51,"column":94}},"32":{"start":{"line":52,"column":10},"end":{"line":52,"column":33}},"33":{"start":{"line":52,"column":21},"end":{"line":52,"column":33}},"34":{"start":{"line":54,"column":28},"end":{"line":54,"column":79}},"35":{"start":{"line":55,"column":10},"end":{"line":55,"column":33}},"36":{"start":{"line":55,"column":21},"end":{"line":55,"column":33}},"37":{"start":{"line":58,"column":29},"end":{"line":58,"column":50}},"38":{"start":{"line":59,"column":29},"end":{"line":59,"column":78}},"39":{"start":{"line":59,"column":61},"end":{"line":59,"column":77}},"40":{"start":{"line":60,"column":8},"end":{"line":60,"column":76}},"41":{"start":{"line":62,"column":8},"end":{"line":62,"column":59}},"42":{"start":{"line":63,"column":8},"end":{"line":63,"column":15}},"43":{"start":{"line":67,"column":4},"end":{"line":67,"column":42}}},"fnMap":{"0":{"name":"(anonymous_0)","decl":{"start":{"line":9,"column":2},"end":{"line":9,"column":3}},"loc":{"start":{"line":9,"column":42},"end":{"line":19,"column":3}},"line":9},"1":{"name":"(anonymous_1)","decl":{"start":{"line":21,"column":2},"end":{"line":21,"column":3}},"loc":{"start":{"line":21,"column":19},"end":{"line":24,"column":3}},"line":21},"2":{"name":"(anonymous_2)","decl":{"start":{"line":26,"column":2},"end":{"line":26,"column":3}},"loc":{"start":{"line":26,"column":18},"end":{"line":68,"column":3}},"line":26},"3":{"name":"(anonymous_3)","decl":{"start":{"line":59,"column":49},"end":{"line":59,"column":50}},"loc":{"start":{"line":59,"column":61},"end":{"line":59,"column":77}},"line":59}},"branchMap":{"0":{"loc":{"start":{"line":23,"column":11},"end":{"line":23,"column":41}},"type":"cond-expr","locations":[{"start":{"line":23,"column":19},"end":{"line":23,"column":36}},{"start":{"line":23,"column":39},"end":{"line":23,"column":41}}],"line":23},"1":{"loc":{"start":{"line":28,"column":4},"end":{"line":28,"column":35}},"type":"if","locations":[{"start":{"line":28,"column":4},"end":{"line":28,"column":35}},{"start":{},"end":{}}],"line":28},"2":{"loc":{"start":{"line":31,"column":4},"end":{"line":31,"column":35}},"type":"if","locations":[{"start":{"line":31,"column":4},"end":{"line":31,"column":35}},{"start":{},"end":{}}],"line":31},"3":{"loc":{"start":{"line":37,"column":8},"end":{"line":56,"column":9}},"type":"if","locations":[{"start":{"line":37,"column":8},"end":{"line":56,"column":9}},{"start":{"line":45,"column":15},"end":{"line":56,"column":9}}],"line":37},"4":{"loc":{"start":{"line":38,"column":10},"end":{"line":44,"column":11}},"type":"if","locations":[{"start":{"line":38,"column":10},"end":{"line":44,"column":11}},{"start":{"line":40,"column":17},"end":{"line":44,"column":11}}],"line":38},"5":{"loc":{"start":{"line":40,"column":17},"end":{"line":44,"column":11}},"type":"if","locations":[{"start":{"line":40,"column":17},"end":{"line":44,"column":11}},{"start":{"line":42,"column":17},"end":{"line":44,"column":11}}],"line":40},"6":{"loc":{"start":{"line":42,"column":17},"end":{"line":44,"column":11}},"type":"if","locations":[{"start":{"line":42,"column":17},"end":{"line":44,"column":11}},{"start":{},"end":{}}],"line":42},"7":{"loc":{"start":{"line":45,"column":15},"end":{"line":56,"column":9}},"type":"if","locations":[{"start":{"line":45,"column":15},"end":{"line":56,"column":9}},{"start":{"line":48,"column":15},"end":{"line":56,"column":9}}],"line":45},"8":{"loc":{"start":{"line":47,"column":10},"end":{"line":47,"column":33}},"type":"if","locations":[{"start":{"line":47,"column":10},"end":{"line":47,"column":33}},{"start":{},"end":{}}],"line":47},"9":{"loc":{"start":{"line":48,"column":15},"end":{"line":56,"column":9}},"type":"if","locations":[{"start":{"line":48,"column":15},"end":{"line":56,"column":9}},{"start":{"line":53,"column":15},"end":{"line":56,"column":9}}],"line":48},"10":{"loc":{"start":{"line":50,"column":30},"end":{"line":50,"column":66}},"type":"cond-expr","locations":[{"start":{"line":50,"column":44},"end":{"line":50,"column":52}},{"start":{"line":50,"column":55},"end":{"line":50,"column":66}}],"line":50},"11":{"loc":{"start":{"line":52,"column":10},"end":{"line":52,"column":33}},"type":"if","locations":[{"start":{"line":52,"column":10},"end":{"line":52,"column":33}},{"start":{},"end":{}}],"line":52},"12":{"loc":{"start":{"line":55,"column":10},"end":{"line":55,"column":33}},"type":"if","locations":[{"start":{"line":55,"column":10},"end":{"line":55,"column":33}},{"start":{},"end":{}}],"line":55}},"s":{"0":2,"1":2,"2":1,"3":1,"4":1,"5":1,"6":5,"7":5,"8":2,"9":2,"10":0,"11":2,"12":2,"13":0,"14":2,"15":2,"16":2,"17":2,"18":1,"19":0,"20":1,"21":1,"22":0,"23":0,"24":1,"25":1,"26":1,"27":0,"28":0,"29":0,"30":0,"31":0,"32":0,"33":0,"34":0,"35":0,"36":0,"37":2,"38":2,"39":2,"40":2,"41":0,"42":0,"43":2},"f":{"0":1,"1":5,"2":2,"3":2},"b":{"0":[5,0],"1":[0,2],"2":[0,2],"3":[1,1],"4":[0,1],"5":[1,0],"6":[0,0],"7":[1,0],"8":[0,1],"9":[0,0],"10":[0,0],"11":[0,0],"12":[0,0]},"_coverageSchema":"1a1c01bbd47fc00a2c39e90264f33305004495a9","hash":"87136826442cbd96024385a5169d0751c1517352"}
,"C:\\Users\\Blake\\OneDrive\\Documents\\sitemanager\\ComplianceApp\\src\\services\\workOrderService.ts": {"path":"C:\\Users\\Blake\\OneDrive\\Documents\\sitemanager\\ComplianceApp\\src\\services\\workOrderService.ts","statementMap":{"0":{"start":{"line":6,"column":32},"end":{"line":110,"column":1}},"1":{"start":{"line":8,"column":49},"end":{"line":12,"column":32}},"2":{"start":{"line":14,"column":46},"end":{"line":18,"column":33}},"3":{"start":{"line":20,"column":4},"end":{"line":20,"column":33}},"4":{"start":{"line":20,"column":18},"end":{"line":20,"column":33}},"5":{"start":{"line":21,"column":4},"end":{"line":21,"column":33}},"6":{"start":{"line":21,"column":18},"end":{"line":21,"column":33}},"7":{"start":{"line":23,"column":4},"end":{"line":31,"column":6}},"8":{"start":{"line":24,"column":37},"end":{"line":24,"column":65}},"9":{"start":{"line":25,"column":34},"end":{"line":30,"column":7}},"10":{"start":{"line":35,"column":18},"end":{"line":35,"column":39}},"11":{"start":{"line":36,"column":19},"end":{"line":36,"column":43}},"12":{"start":{"line":37,"column":21},"end":{"line":37,"column":41}},"13":{"start":{"line":39,"column":21},"end":{"line":39,"column":25}},"14":{"start":{"line":40,"column":4},"end":{"line":43,"column":5}},"15":{"start":{"line":41,"column":16},"end":{"line":41,"column":46}},"16":{"start":{"line":42,"column":6},"end":{"line":42,"column":78}},"17":{"start":{"line":45,"column":4},"end":{"line":53,"column":5}},"18":{"start":{"line":46,"column":6},"end":{"line":51,"column":9}},"19":{"start":{"line":52,"column":6},"end":{"line":52,"column":31}},"20":{"start":{"line":55,"column":20},"end":{"line":55,"column":64}},"21":{"start":{"line":57,"column":4},"end":{"line":61,"column":5}},"22":{"start":{"line":58,"column":22},"end":{"line":58,"column":94}},"23":{"start":{"line":59,"column":23},"end":{"line":59,"column":64}},"24":{"start":{"line":60,"column":6},"end":{"line":60,"column":105}},"25":{"start":{"line":63,"column":4},"end":{"line":107,"column":5}},"26":{"start":{"line":64,"column":36},"end":{"line":74,"column":26}},"27":{"start":{"line":76,"column":6},"end":{"line":76,"column":39}},"28":{"start":{"line":76,"column":22},"end":{"line":76,"column":39}},"29":{"start":{"line":78,"column":34},"end":{"line":89,"column":9}},"30":{"start":{"line":91,"column":6},"end":{"line":91,"column":70}},"31":{"start":{"line":91,"column":20},"end":{"line":91,"column":70}},"32":{"start":{"line":94,"column":38},"end":{"line":104,"column":26}},"33":{"start":{"line":106,"column":6},"end":{"line":106,"column":43}},"34":{"start":{"line":106,"column":24},"end":{"line":106,"column":43}},"35":{"start":{"line":108,"column":4},"end":{"line":108,"column":16}}},"fnMap":{"0":{"name":"(anonymous_0)","decl":{"start":{"line":7,"column":2},"end":{"line":7,"column":3}},"loc":{"start":{"line":7,"column":41},"end":{"line":32,"column":3}},"line":7},"1":{"name":"(anonymous_1)","decl":{"start":{"line":24,"column":31},"end":{"line":24,"column":32}},"loc":{"start":{"line":24,"column":37},"end":{"line":24,"column":65}},"line":24},"2":{"name":"(anonymous_2)","decl":{"start":{"line":25,"column":28},"end":{"line":25,"column":29}},"loc":{"start":{"line":25,"column":34},"end":{"line":30,"column":7}},"line":25},"3":{"name":"(anonymous_3)","decl":{"start":{"line":34,"column":2},"end":{"line":34,"column":3}},"loc":{"start":{"line":34,"column":62},"end":{"line":109,"column":3}},"line":34}},"branchMap":{"0":{"loc":{"start":{"line":20,"column":4},"end":{"line":20,"column":33}},"type":"if","locations":[{"start":{"line":20,"column":4},"end":{"line":20,"column":33}},{"start":{},"end":{}}],"line":20},"1":{"loc":{"start":{"line":21,"column":4},"end":{"line":21,"column":33}},"type":"if","locations":[{"start":{"line":21,"column":4},"end":{"line":21,"column":33}},{"start":{},"end":{}}],"line":21},"2":{"loc":{"start":{"line":24,"column":10},"end":{"line":24,"column":25}},"type":"binary-expr","locations":[{"start":{"line":24,"column":10},"end":{"line":24,"column":19}},{"start":{"line":24,"column":23},"end":{"line":24,"column":25}}],"line":24},"3":{"loc":{"start":{"line":25,"column":10},"end":{"line":25,"column":22}},"type":"binary-expr","locations":[{"start":{"line":25,"column":10},"end":{"line":25,"column":16}},{"start":{"line":25,"column":20},"end":{"line":25,"column":22}}],"line":25},"4":{"loc":{"start":{"line":29,"column":18},"end":{"line":29,"column":47}},"type":"binary-expr","locations":[{"start":{"line":29,"column":18},"end":{"line":29,"column":28}},{"start":{"line":29,"column":32},"end":{"line":29,"column":47}}],"line":29},"5":{"loc":{"start":{"line":40,"column":4},"end":{"line":43,"column":5}},"type":"if","locations":[{"start":{"line":40,"column":4},"end":{"line":43,"column":5}},{"start":{},"end":{}}],"line":40},"6":{"loc":{"start":{"line":42,"column":19},"end":{"line":42,"column":77}},"type":"cond-expr","locations":[{"start":{"line":42,"column":41},"end":{"line":42,"column":70}},{"start":{"line":42,"column":73},"end":{"line":42,"column":77}}],"line":42},"7":{"loc":{"start":{"line":45,"column":4},"end":{"line":53,"column":5}},"type":"if","locations":[{"start":{"line":45,"column":4},"end":{"line":53,"column":5}},{"start":{},"end":{}}],"line":45},"8":{"loc":{"start":{"line":55,"column":20},"end":{"line":55,"column":64}},"type":"binary-expr","locations":[{"start":{"line":55,"column":20},"end":{"line":55,"column":37}},{"start":{"line":55,"column":41},"end":{"line":55,"column":64}}],"line":55},"9":{"loc":{"start":{"line":57,"column":4},"end":{"line":61,"column":5}},"type":"if","locations":[{"start":{"line":57,"column":4},"end":{"line":61,"column":5}},{"start":{},"end":{}}],"line":57},"10":{"loc":{"start":{"line":58,"column":22},"end":{"line":58,"column":94}},"type":"cond-expr","locations":[{"start":{"line":58,"column":81},"end":{"line":58,"column":86}},{"start":{"line":58,"column":89},"end":{"line":58,"column":94}}],"line":58},"11":{"loc":{"start":{"line":63,"column":4},"end":{"line":107,"column":5}},"type":"if","locations":[{"start":{"line":63,"column":4},"end":{"line":107,"column":5}},{"start":{"line":93,"column":11},"end":{"line":107,"column":5}}],"line":63},"12":{"loc":{"start":{"line":76,"column":6},"end":{"line":76,"column":39}},"type":"if","locations":[{"start":{"line":76,"column":6},"end":{"line":76,"column":39}},{"start":{},"end":{}}],"line":76},"13":{"loc":{"start":{"line":81,"column":22},"end":{"line":81,"column":58}},"type":"binary-expr","locations":[{"start":{"line":81,"column":22},"end":{"line":81,"column":31}},{"start":{"line":81,"column":35},"end":{"line":81,"column":58}}],"line":81},"14":{"loc":{"start":{"line":83,"column":23},"end":{"line":83,"column":45}},"type":"binary-expr","locations":[{"start":{"line":83,"column":23},"end":{"line":83,"column":33}},{"start":{"line":83,"column":37},"end":{"line":83,"column":45}}],"line":83},"15":{"loc":{"start":{"line":91,"column":6},"end":{"line":91,"column":70}},"type":"if","locations":[{"start":{"line":91,"column":6},"end":{"line":91,"column":70}},{"start":{},"end":{}}],"line":91},"16":{"loc":{"start":{"line":106,"column":6},"end":{"line":106,"column":43}},"type":"if","locations":[{"start":{"line":106,"column":6},"end":{"line":106,"column":43}},{"start":{},"end":{}}],"line":106}},"s":{"0":1,"1":0,"2":0,"3":0,"4":0,"5":0,"6":0,"7":0,"8":0,"9":0,"10":2,"11":2,"12":2,"13":2,"14":2,"15":2,"16":2,"17":2,"18":1,"19":1,"20":1,"21":1,"22":1,"23":1,"24":1,"25":1,"26":1,"27":1,"28":0,"29":1,"30":1,"31":0,"32":0,"33":0,"34":0,"35":1},"f":{"0":0,"1":0,"2":0,"3":2},"b":{"0":[0,0],"1":[0,0],"2":[0,0],"3":[0,0],"4":[0,0],"5":[2,0],"6":[2,0],"7":[1,1],"8":[1,1],"9":[1,0],"10":[0,1],"11":[1,0],"12":[0,1],"13":[1,1],"14":[1,0],"15":[0,1],"16":[0,0]},"_coverageSchema":"1a1c01bbd47fc00a2c39e90264f33305004495a9","hash":"3e3c3d82f8e9f70ec21213b87fa028b32e5fe15e"}
}
