TN:
SF:src\services\accidentService.ts
FN:20,(anonymous_0)
FN:58,(anonymous_1)
FNF:2
FNH:2
FNDA:4,(anonymous_0)
FNDA:1,(anonymous_1)
DA:19,1
DA:21,4
DA:22,4
DA:23,4
DA:25,4
DA:27,4
DA:28,1
DA:31,3
DA:39,3
DA:41,3
DA:42,1
DA:43,1
DA:46,2
DA:50,2
DA:51,1
DA:52,1
DA:55,1
DA:59,1
DA:67,1
DA:68,0
DA:69,0
DA:71,1
LF:22
LH:20
BRDA:27,0,0,1
BRDA:27,0,1,3
BRDA:36,1,0,3
BRDA:36,1,1,0
BRDA:41,2,0,1
BRDA:41,2,1,2
BRDA:50,3,0,1
BRDA:50,3,1,1
BRDA:67,4,0,0
BRDA:67,4,1,1
BRF:10
BRH:8
end_of_record
TN:
SF:src\services\assetService.ts
FN:18,(anonymous_0)
FN:60,(anonymous_1)
FN:93,(anonymous_2)
FN:111,(anonymous_3)
FNF:4
FNH:3
FNDA:1,(anonymous_0)
FNDA:1,(anonymous_1)
FNDA:2,(anonymous_2)
FNDA:0,(anonymous_3)
DA:17,1
DA:19,1
DA:20,1
DA:21,1
DA:22,1
DA:24,1
DA:25,1
DA:27,1
DA:28,0
DA:31,1
DA:41,1
DA:43,1
DA:44,0
DA:45,0
DA:48,1
DA:54,1
DA:55,0
DA:57,1
DA:61,1
DA:62,1
DA:63,1
DA:65,1
DA:66,0
DA:67,0
DA:69,0
DA:70,0
DA:74,1
DA:75,1
DA:76,0
DA:77,0
DA:80,1
DA:87,1
DA:88,0
DA:90,1
DA:94,2
DA:95,2
DA:96,1
DA:97,1
DA:100,1
DA:105,1
DA:106,0
DA:108,1
DA:112,0
DA:113,0
DA:115,0
DA:125,0
DA:126,0
DA:127,0
DA:128,0
DA:131,0
DA:135,0
DA:136,0
DA:138,0
LF:53
LH:30
BRDA:27,0,0,0
BRDA:27,0,1,1
BRDA:43,1,0,0
BRDA:43,1,1,1
BRDA:54,2,0,0
BRDA:54,2,1,1
BRDA:62,3,0,1
BRDA:62,3,1,0
BRDA:63,4,0,0
BRDA:63,4,1,1
BRDA:65,5,0,0
BRDA:65,5,1,1
BRDA:66,6,0,0
BRDA:66,6,1,0
BRDA:69,7,0,0
BRDA:69,7,1,0
BRDA:75,8,0,0
BRDA:75,8,1,1
BRDA:87,9,0,0
BRDA:87,9,1,1
BRDA:95,10,0,1
BRDA:95,10,1,1
BRDA:105,11,0,0
BRDA:105,11,1,1
BRDA:126,12,0,0
BRDA:126,12,1,0
BRDA:135,13,0,0
BRDA:135,13,1,0
BRF:28
BRH:11
end_of_record
TN:
SF:src\services\auditService.ts
FN:11,(anonymous_0)
FN:28,(anonymous_1)
FN:32,(anonymous_2)
FN:46,(anonymous_3)
FN:48,(anonymous_4)
FN:59,(anonymous_5)
FN:62,(anonymous_6)
FN:80,(anonymous_7)
FNF:8
FNH:8
FNDA:1,(anonymous_0)
FNDA:1,(anonymous_1)
FNDA:3,(anonymous_2)
FNDA:1,(anonymous_3)
FNDA:3,(anonymous_4)
FNDA:1,(anonymous_5)
FNDA:1,(anonymous_6)
FNDA:1,(anonymous_7)
DA:10,1
DA:12,1
DA:17,1
DA:22,1
DA:23,1
DA:25,1
DA:29,1
DA:30,1
DA:32,1
DA:33,3
DA:34,3
DA:35,3
DA:36,3
DA:40,1
DA:47,1
DA:48,1
DA:49,3
DA:50,3
DA:51,2
DA:52,1
DA:53,1
DA:54,1
DA:56,1
DA:60,1
DA:62,1
DA:63,1
DA:64,1
DA:65,1
DA:68,1
DA:80,1
DA:93,1
DA:94,1
DA:95,1
DA:97,0
LF:34
LH:33
BRDA:22,0,0,0
BRDA:22,0,1,1
BRDA:23,1,0,0
BRDA:23,1,1,1
BRDA:25,2,0,1
BRDA:25,2,1,1
BRDA:25,3,0,1
BRDA:25,3,1,1
BRDA:34,4,0,3
BRDA:34,4,1,0
BRDA:36,5,0,3
BRDA:36,5,1,2
BRDA:49,6,0,3
BRDA:49,6,1,0
BRDA:50,7,0,1
BRDA:50,7,1,2
BRDA:51,8,0,1
BRDA:51,8,1,1
BRDA:52,9,0,0
BRDA:52,9,1,1
BRDA:53,10,0,0
BRDA:53,10,1,1
BRDA:63,11,0,0
BRDA:63,11,1,1
BRDA:82,12,0,1
BRDA:82,12,1,1
BRDA:83,13,0,1
BRDA:83,13,1,0
BRDA:84,14,0,0
BRDA:84,14,1,1
BRDA:84,15,0,1
BRDA:84,15,1,1
BRF:32
BRH:23
end_of_record
TN:
SF:src\services\authService.ts
FN:15,(anonymous_0)
FN:46,(anonymous_1)
FN:51,(anonymous_2)
FNF:3
FNH:3
FNDA:3,(anonymous_0)
FNDA:1,(anonymous_1)
FNDA:2,(anonymous_2)
DA:14,1
DA:16,3
DA:18,3
DA:19,0
DA:22,3
DA:23,1
DA:26,2
DA:31,2
DA:32,2
DA:34,2
DA:36,2
DA:37,1
DA:40,1
DA:47,1
DA:48,1
DA:52,2
DA:58,2
DA:59,2
DA:61,1
DA:62,1
DA:64,1
LF:21
LH:20
BRDA:18,0,0,0
BRDA:18,0,1,3
BRDA:22,1,0,1
BRDA:22,1,1,2
BRDA:22,2,0,3
BRDA:22,2,1,3
BRDA:31,3,0,0
BRDA:31,3,1,2
BRDA:32,4,0,0
BRDA:32,4,1,2
BRDA:36,5,0,1
BRDA:36,5,1,1
BRDA:42,6,0,1
BRDA:42,6,1,0
BRDA:48,7,0,0
BRDA:48,7,1,1
BRDA:58,8,0,0
BRDA:58,8,1,2
BRDA:59,9,0,1
BRDA:59,9,1,1
BRDA:62,10,0,1
BRDA:62,10,1,0
BRDA:66,11,0,1
BRDA:66,11,1,0
BRDA:67,12,0,1
BRDA:67,12,1,0
BRF:26
BRH:17
end_of_record
TN:
SF:src\services\buildingService.ts
FN:16,(anonymous_0)
FN:24,(anonymous_1)
FNF:2
FNH:2
FNDA:2,(anonymous_0)
FNDA:1,(anonymous_1)
DA:15,1
DA:17,2
DA:22,2
DA:24,1
LF:4
LH:4
BRDA:22,0,0,1
BRDA:22,0,1,1
BRF:2
BRH:2
end_of_record
TN:
SF:src\services\contractorService.ts
FN:19,(anonymous_0)
FN:30,(anonymous_1)
FN:54,(anonymous_2)
FN:83,(anonymous_3)
FN:93,(anonymous_4)
FN:115,(anonymous_5)
FN:126,(anonymous_6)
FNF:7
FNH:6
FNDA:1,(anonymous_0)
FNDA:1,(anonymous_1)
FNDA:1,(anonymous_2)
FNDA:1,(anonymous_3)
FNDA:0,(anonymous_4)
FNDA:1,(anonymous_5)
FNDA:2,(anonymous_6)
DA:18,1
DA:20,1
DA:26,1
DA:27,1
DA:31,1
DA:33,1
DA:34,0
DA:37,1
DA:38,1
DA:39,0
DA:40,0
DA:43,1
DA:48,1
DA:49,0
DA:51,1
DA:55,1
DA:59,1
DA:61,1
DA:67,1
DA:68,1
DA:69,1
DA:70,1
DA:73,0
DA:77,0
DA:78,0
DA:79,0
DA:81,0
DA:84,1
DA:89,1
DA:90,1
DA:94,0
DA:96,0
DA:97,0
DA:98,0
DA:99,0
DA:102,0
DA:109,0
DA:110,0
DA:112,0
DA:116,1
DA:122,1
DA:123,1
DA:127,2
DA:128,2
DA:130,2
DA:131,2
DA:132,0
DA:133,0
DA:136,2
DA:142,2
DA:143,0
DA:145,2
LF:52
LH:31
BRDA:26,0,0,0
BRDA:26,0,1,1
BRDA:33,1,0,0
BRDA:33,1,1,1
BRDA:38,2,0,0
BRDA:38,2,1,1
BRDA:48,3,0,0
BRDA:48,3,1,1
BRDA:68,4,0,1
BRDA:68,4,1,0
BRDA:77,5,0,0
BRDA:77,5,1,0
BRDA:89,6,0,0
BRDA:89,6,1,1
BRDA:97,7,0,0
BRDA:97,7,1,0
BRDA:109,8,0,0
BRDA:109,8,1,0
BRDA:122,9,0,0
BRDA:122,9,1,1
BRDA:127,10,0,1
BRDA:127,10,1,1
BRDA:131,11,0,0
BRDA:131,11,1,2
BRDA:142,12,0,0
BRDA:142,12,1,2
BRF:26
BRH:11
end_of_record
TN:
SF:src\services\fileService.ts
FN:9,(anonymous_0)
FN:15,(anonymous_1)
FN:52,(anonymous_2)
FN:64,(anonymous_3)
FNF:4
FNH:3
FNDA:4,(anonymous_0)
FNDA:4,(anonymous_1)
FNDA:3,(anonymous_2)
FNDA:0,(anonymous_3)
DA:8,2
DA:10,4
DA:11,4
DA:12,4
DA:16,4
DA:17,4
DA:19,4
DA:20,4
DA:22,4
DA:23,1
DA:29,1
DA:32,3
DA:33,3
DA:37,3
DA:44,3
DA:45,3
DA:47,0
DA:48,0
DA:53,3
DA:55,3
DA:56,3
DA:57,1
DA:60,2
DA:61,2
DA:65,0
DA:66,0
DA:67,0
DA:68,0
DA:70,0
DA:71,0
DA:77,0
DA:80,0
DA:81,0
DA:85,0
DA:92,0
DA:93,0
DA:95,0
DA:96,0
LF:38
LH:22
BRDA:11,0,0,0
BRDA:11,0,1,4
BRDA:22,1,0,1
BRDA:22,1,1,3
BRDA:44,2,0,0
BRDA:44,2,1,3
BRDA:52,3,0,3
BRDA:53,4,0,3
BRDA:53,4,1,0
BRDA:56,5,0,1
BRDA:56,5,1,2
BRDA:64,6,0,0
BRDA:70,7,0,0
BRDA:70,7,1,0
BRDA:70,8,0,0
BRDA:70,8,1,0
BRDA:92,9,0,0
BRDA:92,9,1,0
BRF:18
BRH:8
end_of_record
TN:
SF:src\services\incidentService.ts
FN:24,(anonymous_0)
FN:34,(anonymous_1)
FNF:2
FNH:1
FNDA:0,(anonymous_0)
FNDA:2,(anonymous_1)
DA:23,1
DA:25,0
DA:30,0
DA:31,0
DA:41,2
DA:42,2
DA:44,2
DA:46,2
DA:47,0
DA:50,2
DA:59,2
DA:61,2
DA:62,1
DA:63,1
DA:66,1
DA:67,1
DA:68,1
DA:69,1
DA:71,0
DA:75,1
DA:81,1
DA:82,0
DA:85,1
LF:23
LH:17
BRDA:30,0,0,0
BRDA:30,0,1,0
BRDA:31,1,0,0
BRDA:31,1,1,0
BRDA:39,2,0,2
BRDA:46,3,0,0
BRDA:46,3,1,2
BRDA:54,4,0,0
BRDA:54,4,1,2
BRDA:61,5,0,1
BRDA:61,5,1,1
BRDA:67,6,0,1
BRDA:67,6,1,0
BRDA:69,7,0,1
BRDA:69,7,1,0
BRDA:81,8,0,0
BRDA:81,8,1,1
BRF:17
BRH:8
end_of_record
TN:
SF:src\services\notificationService.ts
FN:9,(anonymous_0)
FN:30,(anonymous_1)
FN:58,(anonymous_2)
FN:68,(anonymous_3)
FN:77,(anonymous_4)
FN:86,(anonymous_5)
FN:99,(anonymous_6)
FNF:7
FNH:6
FNDA:1,(anonymous_0)
FNDA:1,(anonymous_1)
FNDA:1,(anonymous_2)
FNDA:0,(anonymous_3)
FNDA:1,(anonymous_4)
FNDA:1,(anonymous_5)
FNDA:2,(anonymous_6)
DA:8,1
DA:10,1
DA:11,1
DA:12,1
DA:14,1
DA:19,1
DA:20,1
DA:26,0
DA:31,1
DA:33,1
DA:34,1
DA:36,1
DA:37,0
DA:38,0
DA:41,1
DA:43,1
DA:44,1
DA:46,1
DA:48,1
DA:49,0
DA:55,1
DA:59,1
DA:60,1
DA:65,1
DA:69,0
DA:70,0
DA:74,0
DA:78,1
DA:79,1
DA:83,1
DA:87,1
DA:88,1
DA:89,1
DA:90,1
DA:92,1
DA:97,1
DA:99,2
DA:108,1
DA:109,1
DA:112,0
LF:40
LH:32
BRDA:12,0,0,0
BRDA:12,0,1,1
BRDA:19,1,0,1
BRDA:19,1,1,0
BRDA:19,2,0,1
BRDA:19,2,1,1
BRDA:31,3,0,0
BRDA:31,3,1,1
BRDA:36,4,0,0
BRDA:36,4,1,1
BRDA:41,5,0,0
BRDA:41,5,1,1
BRDA:48,6,0,0
BRDA:48,6,1,1
BRDA:74,7,0,0
BRDA:74,7,1,0
BRDA:83,8,0,0
BRDA:83,8,1,1
BRDA:90,9,0,1
BRDA:90,9,1,0
BRDA:97,10,0,0
BRDA:97,10,1,1
BRDA:97,11,0,1
BRDA:97,11,1,1
BRDA:109,12,0,0
BRDA:109,12,1,1
BRF:26
BRH:14
end_of_record
TN:
SF:src\services\privacyService.ts
FN:6,(anonymous_0)
FNF:1
FNH:1
FNDA:2,(anonymous_0)
DA:5,1
DA:7,2
DA:8,2
DA:10,2
DA:16,1
DA:21,1
DA:27,1
DA:28,1
DA:30,1
LF:9
LH:9
BRDA:24,0,0,1
BRDA:24,0,1,0
BRF:2
BRH:1
end_of_record
TN:
SF:src\services\syncService.ts
FN:17,(anonymous_0)
FN:31,(anonymous_1)
FN:36,(anonymous_2)
FN:90,(anonymous_3)
FNF:4
FNH:4
FNDA:1,(anonymous_0)
FNDA:4,(anonymous_1)
FNDA:3,(anonymous_2)
FNDA:3,(anonymous_3)
DA:7,2
DA:16,2
DA:18,1
DA:19,1
DA:21,1
DA:28,1
DA:32,4
DA:33,4
DA:37,3
DA:38,3
DA:40,3
DA:41,3
DA:43,3
DA:45,3
DA:46,3
DA:47,3
DA:48,1
DA:49,0
DA:51,1
DA:60,2
DA:61,0
DA:62,0
DA:63,0
DA:64,0
DA:67,2
DA:68,1
DA:69,1
DA:70,1
DA:71,1
DA:74,1
DA:75,1
DA:76,1
DA:77,1
DA:81,0
DA:82,0
DA:86,0
DA:90,3
DA:91,3
LF:38
LH:30
BRDA:33,0,0,4
BRDA:33,0,1,0
BRDA:38,1,0,0
BRDA:38,1,1,3
BRDA:41,2,0,0
BRDA:41,2,1,3
BRDA:47,3,0,1
BRDA:47,3,1,2
BRDA:48,4,0,0
BRDA:48,4,1,1
BRDA:60,5,0,0
BRDA:60,5,1,2
BRDA:62,6,0,0
BRDA:62,6,1,0
BRDA:64,7,0,0
BRDA:64,7,1,0
BRDA:67,8,0,1
BRDA:67,8,1,1
BRDA:71,9,0,0
BRDA:71,9,1,1
BRDA:74,10,0,1
BRDA:74,10,1,0
BRDA:77,11,0,0
BRDA:77,11,1,1
BRDA:82,12,0,0
BRDA:82,12,1,0
BRF:26
BRH:12
end_of_record
TN:
SF:src\services\workOrderService.ts
FN:8,(anonymous_0)
FN:25,(anonymous_1)
FN:26,(anonymous_2)
FN:35,(anonymous_3)
FNF:4
FNH:1
FNDA:0,(anonymous_0)
FNDA:0,(anonymous_1)
FNDA:0,(anonymous_2)
FNDA:3,(anonymous_3)
DA:7,1
DA:9,0
DA:15,0
DA:21,0
DA:22,0
DA:24,0
DA:25,0
DA:26,0
DA:36,3
DA:37,3
DA:38,3
DA:40,3
DA:41,1
DA:43,2
DA:44,0
DA:47,2
DA:48,2
DA:49,2
DA:51,2
DA:52,2
DA:53,2
DA:54,2
DA:55,2
DA:57,2
DA:58,2
DA:59,0
DA:64,2
DA:73,2
DA:74,1
DA:80,1
DA:83,1
DA:85,1
DA:86,1
DA:87,1
DA:88,1
DA:89,1
DA:91,0
DA:95,1
DA:96,1
DA:108,1
DA:110,1
DA:123,1
DA:126,0
DA:138,0
DA:141,1
LF:45
LH:33
BRDA:21,0,0,0
BRDA:21,0,1,0
BRDA:22,1,0,0
BRDA:22,1,1,0
BRDA:25,2,0,0
BRDA:25,2,1,0
BRDA:26,3,0,0
BRDA:26,3,1,0
BRDA:30,4,0,0
BRDA:30,4,1,0
BRDA:40,5,0,1
BRDA:40,5,1,2
BRDA:43,6,0,0
BRDA:43,6,1,2
BRDA:52,7,0,2
BRDA:52,7,1,0
BRDA:54,8,0,2
BRDA:54,8,1,0
BRDA:58,9,0,0
BRDA:58,9,1,2
BRDA:73,10,0,1
BRDA:73,10,1,1
BRDA:83,11,0,1
BRDA:83,11,1,1
BRDA:85,12,0,1
BRDA:85,12,1,0
BRDA:87,13,0,0
BRDA:87,13,1,1
BRDA:95,14,0,1
BRDA:95,14,1,0
BRDA:108,15,0,0
BRDA:108,15,1,1
BRDA:113,16,0,1
BRDA:113,16,1,1
BRDA:115,17,0,1
BRDA:115,17,1,0
BRDA:123,18,0,0
BRDA:123,18,1,1
BRDA:138,19,0,0
BRDA:138,19,1,0
BRF:40
BRH:18
end_of_record
