TN:
SF:src\services\accidentService.ts
FN:6,(anonymous_0)
FN:21,(anonymous_1)
FNF:2
FNH:2
FNDA:3,(anonymous_0)
FNDA:1,(anonymous_1)
DA:5,1
DA:7,3
DA:9,3
DA:10,1
DA:11,1
DA:14,2
DA:17,2
DA:18,1
DA:22,1
DA:30,1
DA:31,1
LF:11
LH:11
BRDA:9,0,0,1
BRDA:9,0,1,2
BRDA:17,1,0,1
BRDA:17,1,1,1
BRDA:30,2,0,0
BRDA:30,2,1,1
BRF:6
BRH:5
end_of_record
TN:
SF:src\services\assetService.ts
FN:17,(anonymous_0)
FN:40,(anonymous_1)
FN:60,(anonymous_2)
FN:76,(anonymous_3)
FNF:4
FNH:3
FNDA:1,(anonymous_0)
FNDA:1,(anonymous_1)
FNDA:2,(anonymous_2)
FNDA:0,(anonymous_3)
DA:16,1
DA:18,1
DA:24,1
DA:25,1
DA:26,0
DA:27,0
DA:30,1
DA:36,1
DA:37,1
DA:41,1
DA:42,1
DA:45,0
DA:46,0
DA:49,1
DA:56,1
DA:57,1
DA:61,2
DA:62,2
DA:63,1
DA:64,1
DA:67,1
DA:72,1
DA:73,1
DA:77,0
DA:87,0
DA:88,0
DA:89,0
DA:90,0
DA:93,0
DA:97,0
DA:98,0
LF:31
LH:19
BRDA:25,0,0,0
BRDA:25,0,1,1
BRDA:36,1,0,0
BRDA:36,1,1,1
BRDA:42,2,0,0
BRDA:42,2,1,1
BRDA:56,3,0,0
BRDA:56,3,1,1
BRDA:62,4,0,1
BRDA:62,4,1,1
BRDA:72,5,0,0
BRDA:72,5,1,1
BRDA:88,6,0,0
BRDA:88,6,1,0
BRDA:97,7,0,0
BRDA:97,7,1,0
BRF:16
BRH:7
end_of_record
TN:
SF:src\services\auditService.ts
FN:12,(anonymous_0)
FN:29,(anonymous_1)
FN:33,(anonymous_2)
FN:44,(anonymous_3)
FN:46,(anonymous_4)
FN:57,(anonymous_5)
FN:58,(anonymous_6)
FN:76,(anonymous_7)
FNF:8
FNH:8
FNDA:1,(anonymous_0)
FNDA:1,(anonymous_1)
FNDA:3,(anonymous_2)
FNDA:1,(anonymous_3)
FNDA:3,(anonymous_4)
FNDA:1,(anonymous_5)
FNDA:1,(anonymous_6)
FNDA:1,(anonymous_7)
DA:11,1
DA:13,1
DA:18,1
DA:23,1
DA:24,1
DA:26,1
DA:30,1
DA:31,1
DA:33,1
DA:34,3
DA:35,3
DA:38,1
DA:45,1
DA:46,1
DA:47,3
DA:48,3
DA:49,2
DA:50,1
DA:51,1
DA:52,1
DA:54,1
DA:58,1
DA:59,1
DA:60,1
DA:61,1
DA:64,1
DA:76,1
DA:89,1
DA:90,1
DA:91,1
DA:93,0
LF:31
LH:30
BRDA:23,0,0,0
BRDA:23,0,1,1
BRDA:24,1,0,0
BRDA:24,1,1,1
BRDA:26,2,0,1
BRDA:26,2,1,1
BRDA:26,3,0,1
BRDA:26,3,1,1
BRDA:35,4,0,3
BRDA:35,4,1,2
BRDA:47,5,0,3
BRDA:47,5,1,0
BRDA:48,6,0,1
BRDA:48,6,1,2
BRDA:49,7,0,1
BRDA:49,7,1,1
BRDA:50,8,0,0
BRDA:50,8,1,1
BRDA:51,9,0,0
BRDA:51,9,1,1
BRDA:59,10,0,0
BRDA:59,10,1,1
BRDA:78,11,0,1
BRDA:78,11,1,1
BRDA:79,12,0,1
BRDA:79,12,1,0
BRDA:80,13,0,0
BRDA:80,13,1,1
BRDA:80,14,0,1
BRDA:80,14,1,1
BRF:30
BRH:22
end_of_record
TN:
SF:src\services\authService.ts
FN:5,(anonymous_0)
FN:14,(anonymous_1)
FN:19,(anonymous_2)
FNF:3
FNH:2
FNDA:1,(anonymous_0)
FNDA:0,(anonymous_1)
FNDA:2,(anonymous_2)
DA:4,1
DA:6,1
DA:10,1
DA:11,1
DA:15,0
DA:16,0
DA:20,2
DA:26,2
DA:27,2
DA:29,1
LF:10
LH:8
BRDA:10,0,0,0
BRDA:10,0,1,1
BRDA:16,1,0,0
BRDA:16,1,1,0
BRDA:26,2,0,0
BRDA:26,2,1,2
BRDA:27,3,0,1
BRDA:27,3,1,1
BRDA:31,4,0,1
BRDA:31,4,1,0
BRF:10
BRH:5
end_of_record
TN:
SF:src\services\buildingService.ts
FN:6,(anonymous_0)
FN:14,(anonymous_1)
FNF:2
FNH:2
FNDA:2,(anonymous_0)
FNDA:1,(anonymous_1)
DA:5,1
DA:7,2
DA:12,2
DA:14,1
LF:4
LH:4
BRDA:12,0,0,1
BRDA:12,0,1,1
BRF:2
BRH:2
end_of_record
TN:
SF:src\services\contractorService.ts
FN:18,(anonymous_0)
FN:29,(anonymous_1)
FN:44,(anonymous_2)
FN:65,(anonymous_3)
FN:75,(anonymous_4)
FN:93,(anonymous_5)
FN:104,(anonymous_6)
FNF:7
FNH:6
FNDA:1,(anonymous_0)
FNDA:1,(anonymous_1)
FNDA:1,(anonymous_2)
FNDA:1,(anonymous_3)
FNDA:0,(anonymous_4)
FNDA:1,(anonymous_5)
FNDA:2,(anonymous_6)
DA:17,1
DA:19,1
DA:25,1
DA:26,1
DA:30,1
DA:31,1
DA:32,0
DA:33,0
DA:36,1
DA:41,1
DA:45,1
DA:51,1
DA:52,1
DA:53,1
DA:54,1
DA:57,0
DA:62,0
DA:66,1
DA:71,1
DA:72,1
DA:76,0
DA:77,0
DA:78,0
DA:79,0
DA:82,0
DA:89,0
DA:90,0
DA:94,1
DA:100,1
DA:101,1
DA:105,2
DA:106,2
DA:108,2
DA:109,2
DA:110,0
DA:111,0
DA:114,2
DA:120,2
DA:121,2
LF:39
LH:26
BRDA:25,0,0,0
BRDA:25,0,1,1
BRDA:31,1,0,0
BRDA:31,1,1,1
BRDA:41,2,0,0
BRDA:41,2,1,1
BRDA:52,3,0,1
BRDA:52,3,1,0
BRDA:62,4,0,0
BRDA:62,4,1,0
BRDA:71,5,0,0
BRDA:71,5,1,1
BRDA:77,6,0,0
BRDA:77,6,1,0
BRDA:89,7,0,0
BRDA:89,7,1,0
BRDA:100,8,0,0
BRDA:100,8,1,1
BRDA:105,9,0,1
BRDA:105,9,1,1
BRDA:109,10,0,0
BRDA:109,10,1,2
BRDA:120,11,0,0
BRDA:120,11,1,2
BRF:24
BRH:10
end_of_record
TN:
SF:src\services\fileService.ts
FN:7,(anonymous_0)
FN:39,(anonymous_1)
FNF:2
FNH:2
FNDA:1,(anonymous_0)
FNDA:2,(anonymous_1)
DA:6,2
DA:8,1
DA:10,1
DA:11,0
DA:17,0
DA:20,1
DA:21,1
DA:23,1
DA:24,1
DA:26,1
DA:30,1
DA:32,1
DA:36,1
DA:40,2
DA:42,2
DA:43,1
DA:49,1
DA:52,1
DA:59,1
DA:61,1
DA:65,1
LF:21
LH:19
BRDA:10,0,0,0
BRDA:10,0,1,1
BRDA:30,1,0,0
BRDA:30,1,1,1
BRDA:42,2,0,1
BRDA:42,2,1,1
BRDA:59,3,0,0
BRDA:59,3,1,1
BRF:8
BRH:5
end_of_record
TN:
SF:src\services\incidentService.ts
FN:23,(anonymous_0)
FN:33,(anonymous_1)
FNF:2
FNH:1
FNDA:0,(anonymous_0)
FNDA:1,(anonymous_1)
DA:22,1
DA:24,0
DA:29,0
DA:30,0
DA:40,1
DA:49,1
DA:51,1
DA:54,0
DA:55,0
DA:58,1
DA:59,1
DA:60,1
DA:61,1
DA:64,1
DA:70,1
DA:71,1
LF:16
LH:11
BRDA:29,0,0,0
BRDA:29,0,1,0
BRDA:30,1,0,0
BRDA:30,1,1,0
BRDA:38,2,0,1
BRDA:44,3,0,0
BRDA:44,3,1,1
BRDA:51,4,0,0
BRDA:51,4,1,1
BRDA:59,5,0,1
BRDA:59,5,1,0
BRDA:70,6,0,0
BRDA:70,6,1,1
BRF:13
BRH:5
end_of_record
TN:
SF:src\services\notificationService.ts
FN:8,(anonymous_0)
FN:29,(anonymous_1)
FN:56,(anonymous_2)
FN:65,(anonymous_3)
FN:73,(anonymous_4)
FNF:5
FNH:4
FNDA:1,(anonymous_0)
FNDA:1,(anonymous_1)
FNDA:1,(anonymous_2)
FNDA:0,(anonymous_3)
FNDA:1,(anonymous_4)
DA:7,1
DA:9,1
DA:10,1
DA:11,1
DA:13,1
DA:18,1
DA:19,1
DA:25,0
DA:30,1
DA:32,1
DA:33,1
DA:35,1
DA:36,0
DA:37,0
DA:40,1
DA:42,1
DA:44,1
DA:46,1
DA:47,0
DA:53,1
DA:57,1
DA:62,1
DA:66,0
DA:70,0
DA:74,1
DA:78,1
LF:26
LH:20
BRDA:11,0,0,0
BRDA:11,0,1,1
BRDA:18,1,0,1
BRDA:18,1,1,0
BRDA:18,2,0,1
BRDA:18,2,1,1
BRDA:30,3,0,0
BRDA:30,3,1,1
BRDA:35,4,0,0
BRDA:35,4,1,1
BRDA:40,5,0,0
BRDA:40,5,1,1
BRDA:46,6,0,0
BRDA:46,6,1,1
BRDA:70,7,0,0
BRDA:70,7,1,0
BRDA:78,8,0,0
BRDA:78,8,1,1
BRF:18
BRH:9
end_of_record
TN:
SF:src\services\privacyService.ts
FN:5,(anonymous_0)
FNF:1
FNH:1
FNDA:3,(anonymous_0)
DA:4,1
DA:6,3
DA:7,1
DA:8,1
DA:11,2
DA:12,2
DA:13,1
DA:15,1
DA:21,1
DA:23,1
DA:28,1
LF:11
LH:11
BRDA:6,0,0,1
BRDA:6,0,1,2
BRF:2
BRH:2
end_of_record
TN:
SF:src\services\settingsService.ts
FN:11,(anonymous_0)
FN:22,(anonymous_1)
FNF:2
FNH:2
FNDA:2,(anonymous_0)
FNDA:2,(anonymous_1)
DA:10,1
DA:12,2
DA:18,2
DA:19,1
DA:23,2
DA:28,2
DA:29,2
DA:30,1
DA:31,1
DA:34,1
DA:39,1
DA:40,1
LF:12
LH:12
BRDA:18,0,0,1
BRDA:18,0,1,1
BRDA:29,1,0,1
BRDA:29,1,1,1
BRDA:39,2,0,0
BRDA:39,2,1,1
BRF:6
BRH:5
end_of_record
TN:
SF:src\services\syncService.ts
FN:9,(anonymous_0)
FN:21,(anonymous_1)
FN:26,(anonymous_2)
FN:56,(anonymous_3)
FNF:4
FNH:4
FNDA:1,(anonymous_0)
FNDA:3,(anonymous_1)
FNDA:2,(anonymous_2)
FNDA:2,(anonymous_3)
DA:6,2
DA:8,2
DA:10,1
DA:11,1
DA:17,1
DA:18,1
DA:22,3
DA:23,3
DA:27,2
DA:28,2
DA:30,2
DA:31,2
DA:33,2
DA:35,2
DA:36,2
DA:37,2
DA:38,1
DA:39,1
DA:40,0
DA:41,0
DA:43,1
DA:44,1
DA:45,1
DA:46,0
DA:47,0
DA:48,0
DA:49,0
DA:50,0
DA:52,0
DA:53,0
DA:56,2
DA:57,2
DA:59,0
DA:60,0
DA:64,2
LF:35
LH:24
BRDA:23,0,0,3
BRDA:23,0,1,0
BRDA:28,1,0,0
BRDA:28,1,1,2
BRDA:31,2,0,0
BRDA:31,2,1,2
BRDA:37,3,0,1
BRDA:37,3,1,1
BRDA:38,4,0,1
BRDA:38,4,1,0
BRDA:40,5,0,0
BRDA:40,5,1,0
BRDA:43,6,0,1
BRDA:43,6,1,0
BRDA:45,7,0,0
BRDA:45,7,1,1
BRDA:46,8,0,0
BRDA:46,8,1,0
BRDA:48,9,0,0
BRDA:48,9,1,0
BRDA:50,10,0,0
BRDA:50,10,1,0
BRDA:53,11,0,0
BRDA:53,11,1,0
BRF:24
BRH:8
end_of_record
TN:
SF:src\services\workOrderService.ts
FN:8,(anonymous_0)
FN:25,(anonymous_1)
FN:26,(anonymous_2)
FN:35,(anonymous_3)
FNF:4
FNH:1
FNDA:0,(anonymous_0)
FNDA:0,(anonymous_1)
FNDA:0,(anonymous_2)
FNDA:2,(anonymous_3)
DA:7,1
DA:9,0
DA:15,0
DA:21,0
DA:22,0
DA:24,0
DA:25,0
DA:26,0
DA:36,2
DA:37,2
DA:38,2
DA:40,2
DA:41,1
DA:52,1
DA:53,1
DA:56,1
DA:58,1
DA:59,1
DA:60,1
DA:63,1
DA:64,1
DA:74,1
DA:76,1
DA:85,0
DA:97,0
DA:99,0
DA:100,0
DA:110,1
LF:28
LH:17
BRDA:21,0,0,0
BRDA:21,0,1,0
BRDA:22,1,0,0
BRDA:22,1,1,0
BRDA:25,2,0,0
BRDA:25,2,1,0
BRDA:26,3,0,0
BRDA:26,3,1,0
BRDA:30,4,0,0
BRDA:30,4,1,0
BRDA:40,5,0,1
BRDA:40,5,1,1
BRDA:58,6,0,1
BRDA:58,6,1,0
BRDA:63,7,0,1
BRDA:63,7,1,0
BRDA:74,8,0,0
BRDA:74,8,1,1
BRDA:97,9,0,0
BRDA:97,9,1,0
BRDA:99,10,0,0
BRDA:99,10,1,0
BRF:22
BRH:5
end_of_record
